{"C:\\Users\\macie\\Documents\\sm\\src\\components\\common\\ConfirmDialog.module.css": {"path":"C:\\Users\\macie\\Documents\\sm\\src\\components\\common\\ConfirmDialog.module.css","statementMap":{},"fnMap":{},"branchMap":{},"s":{},"f":{},"b":{},"meta":{"lastBranch":0,"lastFunction":0,"lastStatement":0,"seen":{},"fnNames":{}}}
,"C:\\Users\\macie\\Documents\\sm\\src\\components\\common\\ConfirmDialog.tsx": {"path":"C:\\Users\\macie\\Documents\\sm\\src\\components\\common\\ConfirmDialog.tsx","statementMap":{"0":{"start":{"line":25,"column":1},"end":{"line":33,"column":null}},"1":{"start":{"line":26,"column":8},"end":{"line":28,"column":null}},"2":{"start":{"line":27,"column":3},"end":{"line":27,"column":null}},"3":{"start":{"line":27,"column":27},"end":{"line":27,"column":null}},"4":{"start":{"line":29,"column":2},"end":{"line":31,"column":null}},"5":{"start":{"line":30,"column":3},"end":{"line":30,"column":null}},"6":{"start":{"line":32,"column":2},"end":{"line":32,"column":null}},"7":{"start":{"line":32,"column":15},"end":{"line":32,"column":null}},"8":{"start":{"line":35,"column":1},"end":{"line":35,"column":null}},"9":{"start":{"line":35,"column":14},"end":{"line":35,"column":null}},"10":{"start":{"line":37,"column":1},"end":{"line":66,"column":null}},"11":{"start":{"line":39,"column":50},"end":{"line":39,"column":null}}},"fnMap":{"0":{"name":"ConfirmDialog","decl":{"start":{"line":15,"column":16},"end":{"line":15,"column":30}},"loc":{"start":{"line":24,"column":23},"end":{"line":68,"column":null}},"line":24},"1":{"name":"(anonymous_1)","decl":{"start":{"line":25,"column":1},"end":{"line":25,"column":17}},"loc":{"start":{"line":25,"column":17},"end":{"line":33,"column":4}},"line":25},"2":{"name":"(anonymous_2)","decl":{"start":{"line":26,"column":8},"end":{"line":26,"column":21}},"loc":{"start":{"line":26,"column":42},"end":{"line":28,"column":null}},"line":26},"3":{"name":"(anonymous_3)","decl":{"start":{"line":32,"column":2},"end":{"line":32,"column":15}},"loc":{"start":{"line":32,"column":15},"end":{"line":32,"column":null}},"line":32},"4":{"name":"(anonymous_4)","decl":{"start":{"line":39,"column":34},"end":{"line":39,"column":44}},"loc":{"start":{"line":39,"column":50},"end":{"line":39,"column":null}},"line":39}},"branchMap":{"0":{"loc":{"start":{"line":19,"column":1},"end":{"line":19,"column":null}},"type":"default-arg","locations":[{"start":{"line":19,"column":15},"end":{"line":19,"column":null}}],"line":19},"1":{"loc":{"start":{"line":20,"column":1},"end":{"line":20,"column":null}},"type":"default-arg","locations":[{"start":{"line":20,"column":14},"end":{"line":20,"column":null}}],"line":20},"2":{"loc":{"start":{"line":21,"column":1},"end":{"line":21,"column":null}},"type":"default-arg","locations":[{"start":{"line":21,"column":13},"end":{"line":21,"column":null}}],"line":21},"3":{"loc":{"start":{"line":27,"column":3},"end":{"line":27,"column":null}},"type":"if","locations":[{"start":{"line":27,"column":3},"end":{"line":27,"column":null}},{"start":{},"end":{}}],"line":27},"4":{"loc":{"start":{"line":29,"column":2},"end":{"line":31,"column":null}},"type":"if","locations":[{"start":{"line":29,"column":2},"end":{"line":31,"column":null}},{"start":{},"end":{}}],"line":29},"5":{"loc":{"start":{"line":35,"column":1},"end":{"line":35,"column":null}},"type":"if","locations":[{"start":{"line":35,"column":1},"end":{"line":35,"column":null}},{"start":{},"end":{}}],"line":35},"6":{"loc":{"start":{"line":51,"column":41},"end":{"line":51,"column":null}},"type":"cond-expr","locations":[{"start":{"line":51,"column":53},"end":{"line":51,"column":70}},{"start":{"line":51,"column":70},"end":{"line":51,"column":null}}],"line":51},"7":{"loc":{"start":{"line":55,"column":7},"end":{"line":61,"column":null}},"type":"cond-expr","locations":[{"start":{"line":56,"column":7},"end":{"line":61,"column":null}},{"start":{"line":61,"column":7},"end":{"line":61,"column":null}}],"line":55}},"s":{"0":14,"1":14,"2":0,"3":0,"4":14,"5":0,"6":14,"7":14,"8":14,"9":14,"10":0,"11":0},"f":{"0":14,"1":14,"2":0,"3":14,"4":0},"b":{"0":[14],"1":[14],"2":[14],"3":[0,0],"4":[0,14],"5":[14,0],"6":[0,0],"7":[0,0]},"meta":{"lastBranch":8,"lastFunction":5,"lastStatement":12,"seen":{"f:15:16:15:30":0,"b:19:15:19:Infinity":0,"b:20:14:20:Infinity":1,"b:21:13:21:Infinity":2,"s:25:1:33:Infinity":0,"f:25:1:25:17":1,"s:26:8:28:Infinity":1,"f:26:8:26:21":2,"b:27:3:27:Infinity:undefined:undefined:undefined:undefined":3,"s:27:3:27:Infinity":2,"s:27:27:27:Infinity":3,"b:29:2:31:Infinity:undefined:undefined:undefined:undefined":4,"s:29:2:31:Infinity":4,"s:30:3:30:Infinity":5,"s:32:2:32:Infinity":6,"f:32:2:32:15":3,"s:32:15:32:Infinity":7,"b:35:1:35:Infinity:undefined:undefined:undefined:undefined":5,"s:35:1:35:Infinity":8,"s:35:14:35:Infinity":9,"s:37:1:66:Infinity":10,"f:39:34:39:44":4,"s:39:50:39:Infinity":11,"b:51:53:51:70:51:70:51:Infinity":6,"b:56:7:61:Infinity:61:7:61:Infinity":7},"fnNames":{}}}
,"C:\\Users\\macie\\Documents\\sm\\src\\pages\\Admin\\Admin.module.css": {"path":"C:\\Users\\macie\\Documents\\sm\\src\\pages\\Admin\\Admin.module.css","statementMap":{},"fnMap":{},"branchMap":{},"s":{},"f":{},"b":{},"meta":{"lastBranch":0,"lastFunction":0,"lastStatement":0,"seen":{},"fnNames":{}}}
,"C:\\Users\\macie\\Documents\\sm\\src\\pages\\Admin\\Admin.tsx": {"path":"C:\\Users\\macie\\Documents\\sm\\src\\pages\\Admin\\Admin.tsx","statementMap":{"0":{"start":{"line":97,"column":25},"end":{"line":97,"column":null}},"1":{"start":{"line":98,"column":31},"end":{"line":98,"column":null}},"2":{"start":{"line":99,"column":25},"end":{"line":99,"column":null}},"3":{"start":{"line":100,"column":37},"end":{"line":100,"column":null}},"4":{"start":{"line":101,"column":27},"end":{"line":101,"column":null}},"5":{"start":{"line":102,"column":17},"end":{"line":102,"column":null}},"6":{"start":{"line":103,"column":37},"end":{"line":103,"column":null}},"7":{"start":{"line":104,"column":49},"end":{"line":104,"column":null}},"8":{"start":{"line":105,"column":45},"end":{"line":105,"column":null}},"9":{"start":{"line":106,"column":45},"end":{"line":106,"column":null}},"10":{"start":{"line":108,"column":48},"end":{"line":120,"column":null}},"11":{"start":{"line":122,"column":46},"end":{"line":130,"column":null}},"12":{"start":{"line":135,"column":5},"end":{"line":139,"column":null}},"13":{"start":{"line":141,"column":7},"end":{"line":177,"column":null}},"14":{"start":{"line":142,"column":17},"end":{"line":142,"column":null}},"15":{"start":{"line":143,"column":19},"end":{"line":143,"column":null}},"16":{"start":{"line":145,"column":2},"end":{"line":147,"column":null}},"17":{"start":{"line":146,"column":3},"end":{"line":146,"column":null}},"18":{"start":{"line":148,"column":2},"end":{"line":150,"column":null}},"19":{"start":{"line":149,"column":3},"end":{"line":149,"column":null}},"20":{"start":{"line":151,"column":2},"end":{"line":153,"column":null}},"21":{"start":{"line":152,"column":3},"end":{"line":152,"column":null}},"22":{"start":{"line":154,"column":2},"end":{"line":156,"column":null}},"23":{"start":{"line":155,"column":3},"end":{"line":155,"column":null}},"24":{"start":{"line":157,"column":2},"end":{"line":159,"column":null}},"25":{"start":{"line":158,"column":3},"end":{"line":158,"column":null}},"26":{"start":{"line":160,"column":2},"end":{"line":162,"column":null}},"27":{"start":{"line":161,"column":3},"end":{"line":161,"column":null}},"28":{"start":{"line":163,"column":2},"end":{"line":165,"column":null}},"29":{"start":{"line":164,"column":3},"end":{"line":164,"column":null}},"30":{"start":{"line":166,"column":2},"end":{"line":168,"column":null}},"31":{"start":{"line":167,"column":3},"end":{"line":167,"column":null}},"32":{"start":{"line":169,"column":2},"end":{"line":171,"column":null}},"33":{"start":{"line":170,"column":3},"end":{"line":170,"column":null}},"34":{"start":{"line":172,"column":2},"end":{"line":174,"column":null}},"35":{"start":{"line":173,"column":3},"end":{"line":173,"column":null}},"36":{"start":{"line":176,"column":2},"end":{"line":176,"column":null}},"37":{"start":{"line":179,"column":7},"end":{"line":219,"column":null}},"38":{"start":{"line":180,"column":2},"end":{"line":180,"column":null}},"39":{"start":{"line":180,"column":20},"end":{"line":180,"column":null}},"40":{"start":{"line":182,"column":2},"end":{"line":218,"column":null}},"41":{"start":{"line":184,"column":4},"end":{"line":184,"column":null}},"42":{"start":{"line":186,"column":3},"end":{"line":190,"column":null}},"43":{"start":{"line":187,"column":18},"end":{"line":187,"column":null}},"44":{"start":{"line":188,"column":16},"end":{"line":188,"column":null}},"45":{"start":{"line":189,"column":4},"end":{"line":189,"column":null}},"46":{"start":{"line":192,"column":3},"end":{"line":201,"column":null}},"47":{"start":{"line":193,"column":29},"end":{"line":193,"column":null}},"48":{"start":{"line":194,"column":4},"end":{"line":194,"column":null}},"49":{"start":{"line":194,"column":27},"end":{"line":194,"column":null}},"50":{"start":{"line":195,"column":4},"end":{"line":195,"column":null}},"51":{"start":{"line":195,"column":26},"end":{"line":195,"column":null}},"52":{"start":{"line":196,"column":4},"end":{"line":196,"column":null}},"53":{"start":{"line":196,"column":29},"end":{"line":196,"column":null}},"54":{"start":{"line":197,"column":4},"end":{"line":197,"column":null}},"55":{"start":{"line":197,"column":38},"end":{"line":197,"column":null}},"56":{"start":{"line":198,"column":4},"end":{"line":198,"column":null}},"57":{"start":{"line":198,"column":30},"end":{"line":198,"column":null}},"58":{"start":{"line":199,"column":4},"end":{"line":199,"column":null}},"59":{"start":{"line":199,"column":29},"end":{"line":199,"column":null}},"60":{"start":{"line":200,"column":4},"end":{"line":200,"column":null}},"61":{"start":{"line":203,"column":3},"end":{"line":205,"column":null}},"62":{"start":{"line":204,"column":4},"end":{"line":204,"column":null}},"63":{"start":{"line":207,"column":16},"end":{"line":207,"column":null}},"64":{"start":{"line":208,"column":3},"end":{"line":208,"column":null}},"65":{"start":{"line":208,"column":26},"end":{"line":208,"column":null}},"66":{"start":{"line":209,"column":3},"end":{"line":211,"column":null}},"67":{"start":{"line":210,"column":4},"end":{"line":210,"column":null}},"68":{"start":{"line":210,"column":27},"end":{"line":210,"column":48}},"69":{"start":{"line":212,"column":3},"end":{"line":215,"column":null}},"70":{"start":{"line":214,"column":16},"end":{"line":214,"column":37}},"71":{"start":{"line":217,"column":3},"end":{"line":217,"column":null}},"72":{"start":{"line":221,"column":7},"end":{"line":230,"column":null}},"73":{"start":{"line":222,"column":12},"end":{"line":222,"column":null}},"74":{"start":{"line":223,"column":2},"end":{"line":229,"column":null}},"75":{"start":{"line":232,"column":7},"end":{"line":255,"column":null}},"76":{"start":{"line":233,"column":14},"end":{"line":233,"column":null}},"77":{"start":{"line":234,"column":15},"end":{"line":234,"column":null}},"78":{"start":{"line":235,"column":17},"end":{"line":235,"column":null}},"79":{"start":{"line":236,"column":18},"end":{"line":236,"column":null}},"80":{"start":{"line":237,"column":19},"end":{"line":237,"column":null}},"81":{"start":{"line":238,"column":18},"end":{"line":238,"column":null}},"82":{"start":{"line":240,"column":2},"end":{"line":240,"column":null}},"83":{"start":{"line":240,"column":19},"end":{"line":240,"column":null}},"84":{"start":{"line":241,"column":2},"end":{"line":241,"column":null}},"85":{"start":{"line":241,"column":20},"end":{"line":241,"column":null}},"86":{"start":{"line":242,"column":2},"end":{"line":242,"column":null}},"87":{"start":{"line":242,"column":21},"end":{"line":242,"column":null}},"88":{"start":{"line":243,"column":2},"end":{"line":243,"column":null}},"89":{"start":{"line":243,"column":21},"end":{"line":243,"column":null}},"90":{"start":{"line":244,"column":2},"end":{"line":244,"column":null}},"91":{"start":{"line":244,"column":19},"end":{"line":244,"column":null}},"92":{"start":{"line":245,"column":2},"end":{"line":248,"column":null}},"93":{"start":{"line":246,"column":17},"end":{"line":246,"column":null}},"94":{"start":{"line":247,"column":3},"end":{"line":247,"column":null}},"95":{"start":{"line":249,"column":2},"end":{"line":252,"column":null}},"96":{"start":{"line":250,"column":18},"end":{"line":250,"column":null}},"97":{"start":{"line":251,"column":3},"end":{"line":251,"column":null}},"98":{"start":{"line":253,"column":16},"end":{"line":253,"column":null}},"99":{"start":{"line":254,"column":2},"end":{"line":254,"column":null}},"100":{"start":{"line":257,"column":19},"end":{"line":287,"column":null}},"101":{"start":{"line":258,"column":2},"end":{"line":286,"column":null}},"102":{"start":{"line":259,"column":3},"end":{"line":259,"column":null}},"103":{"start":{"line":260,"column":17},"end":{"line":260,"column":null}},"104":{"start":{"line":262,"column":13},"end":{"line":262,"column":null}},"105":{"start":{"line":263,"column":3},"end":{"line":263,"column":null}},"106":{"start":{"line":263,"column":19},"end":{"line":263,"column":null}},"107":{"start":{"line":264,"column":3},"end":{"line":264,"column":null}},"108":{"start":{"line":264,"column":35},"end":{"line":264,"column":null}},"109":{"start":{"line":265,"column":3},"end":{"line":265,"column":null}},"110":{"start":{"line":265,"column":33},"end":{"line":265,"column":null}},"111":{"start":{"line":266,"column":3},"end":{"line":266,"column":null}},"112":{"start":{"line":266,"column":33},"end":{"line":266,"column":null}},"113":{"start":{"line":268,"column":20},"end":{"line":273,"column":null}},"114":{"start":{"line":275,"column":3},"end":{"line":275,"column":null}},"115":{"start":{"line":275,"column":21},"end":{"line":275,"column":null}},"116":{"start":{"line":277,"column":30},"end":{"line":277,"column":null}},"117":{"start":{"line":278,"column":3},"end":{"line":278,"column":null}},"118":{"start":{"line":279,"column":3},"end":{"line":279,"column":null}},"119":{"start":{"line":280,"column":3},"end":{"line":280,"column":null}},"120":{"start":{"line":282,"column":3},"end":{"line":282,"column":null}},"121":{"start":{"line":283,"column":3},"end":{"line":283,"column":null}},"122":{"start":{"line":285,"column":3},"end":{"line":285,"column":null}},"123":{"start":{"line":289,"column":1},"end":{"line":291,"column":null}},"124":{"start":{"line":290,"column":2},"end":{"line":290,"column":null}},"125":{"start":{"line":293,"column":20},"end":{"line":293,"column":null}},"126":{"start":{"line":294,"column":21},"end":{"line":294,"column":null}},"127":{"start":{"line":296,"column":1},"end":{"line":494,"column":null}},"128":{"start":{"line":308,"column":6},"end":{"line":308,"column":null}},"129":{"start":{"line":309,"column":6},"end":{"line":309,"column":null}},"130":{"start":{"line":325,"column":7},"end":{"line":325,"column":null}},"131":{"start":{"line":326,"column":7},"end":{"line":326,"column":null}},"132":{"start":{"line":333,"column":8},"end":{"line":333,"column":null}},"133":{"start":{"line":334,"column":8},"end":{"line":334,"column":null}},"134":{"start":{"line":346,"column":7},"end":{"line":346,"column":null}},"135":{"start":{"line":347,"column":7},"end":{"line":347,"column":null}},"136":{"start":{"line":352,"column":7},"end":{"line":354,"column":null}},"137":{"start":{"line":361,"column":7},"end":{"line":361,"column":null}},"138":{"start":{"line":362,"column":7},"end":{"line":362,"column":null}},"139":{"start":{"line":367,"column":7},"end":{"line":369,"column":null}},"140":{"start":{"line":376,"column":7},"end":{"line":376,"column":null}},"141":{"start":{"line":377,"column":7},"end":{"line":377,"column":null}},"142":{"start":{"line":403,"column":8},"end":{"line":403,"column":null}},"143":{"start":{"line":404,"column":27},"end":{"line":404,"column":null}},"144":{"start":{"line":405,"column":23},"end":{"line":405,"column":null}},"145":{"start":{"line":406,"column":28},"end":{"line":406,"column":null}},"146":{"start":{"line":407,"column":24},"end":{"line":407,"column":null}},"147":{"start":{"line":409,"column":7},"end":{"line":462,"column":null}},"148":{"start":{"line":475,"column":23},"end":{"line":475,"column":null}},"149":{"start":{"line":485,"column":23},"end":{"line":485,"column":null}},"150":{"start":{"line":545,"column":46},"end":{"line":551,"column":null}},"151":{"start":{"line":553,"column":21},"end":{"line":560,"column":null}},"152":{"start":{"line":583,"column":41},"end":{"line":583,"column":null}},"153":{"start":{"line":584,"column":39},"end":{"line":584,"column":null}},"154":{"start":{"line":585,"column":55},"end":{"line":587,"column":null}},"155":{"start":{"line":588,"column":33},"end":{"line":588,"column":null}},"156":{"start":{"line":590,"column":38},"end":{"line":613,"column":null}},"157":{"start":{"line":615,"column":7},"end":{"line":618,"column":null}},"158":{"start":{"line":616,"column":2},"end":{"line":616,"column":null}},"159":{"start":{"line":617,"column":2},"end":{"line":617,"column":null}},"160":{"start":{"line":620,"column":7},"end":{"line":623,"column":null}},"161":{"start":{"line":621,"column":2},"end":{"line":621,"column":null}},"162":{"start":{"line":622,"column":2},"end":{"line":622,"column":null}},"163":{"start":{"line":625,"column":7},"end":{"line":631,"column":null}},"164":{"start":{"line":626,"column":2},"end":{"line":630,"column":null}},"165":{"start":{"line":627,"column":3},"end":{"line":629,"column":null}},"166":{"start":{"line":628,"column":25},"end":{"line":628,"column":41}},"167":{"start":{"line":633,"column":31},"end":{"line":646,"column":null}},"168":{"start":{"line":634,"column":2},"end":{"line":645,"column":null}},"169":{"start":{"line":635,"column":3},"end":{"line":635,"column":null}},"170":{"start":{"line":636,"column":3},"end":{"line":636,"column":null}},"171":{"start":{"line":637,"column":3},"end":{"line":637,"column":null}},"172":{"start":{"line":638,"column":3},"end":{"line":638,"column":null}},"173":{"start":{"line":639,"column":3},"end":{"line":639,"column":null}},"174":{"start":{"line":641,"column":3},"end":{"line":641,"column":null}},"175":{"start":{"line":642,"column":3},"end":{"line":642,"column":null}},"176":{"start":{"line":644,"column":3},"end":{"line":644,"column":null}},"177":{"start":{"line":648,"column":1},"end":{"line":786,"column":null}},"178":{"start":{"line":680,"column":5},"end":{"line":783,"column":null}},"179":{"start":{"line":694,"column":9},"end":{"line":694,"column":null}},"180":{"start":{"line":713,"column":12},"end":{"line":723,"column":null}},"181":{"start":{"line":720,"column":30},"end":{"line":720,"column":null}},"182":{"start":{"line":729,"column":27},"end":{"line":729,"column":null}},"183":{"start":{"line":751,"column":13},"end":{"line":754,"column":null}},"184":{"start":{"line":766,"column":28},"end":{"line":766,"column":null}},"185":{"start":{"line":804,"column":41},"end":{"line":804,"column":null}},"186":{"start":{"line":805,"column":39},"end":{"line":805,"column":null}},"187":{"start":{"line":806,"column":45},"end":{"line":806,"column":null}},"188":{"start":{"line":807,"column":41},"end":{"line":807,"column":null}},"189":{"start":{"line":808,"column":41},"end":{"line":808,"column":null}},"190":{"start":{"line":809,"column":33},"end":{"line":809,"column":null}},"191":{"start":{"line":810,"column":33},"end":{"line":817,"column":null}},"192":{"start":{"line":818,"column":43},"end":{"line":832,"column":null}},"193":{"start":{"line":833,"column":43},"end":{"line":835,"column":null}},"194":{"start":{"line":837,"column":51},"end":{"line":842,"column":null}},"195":{"start":{"line":843,"column":41},"end":{"line":843,"column":null}},"196":{"start":{"line":844,"column":7},"end":{"line":868,"column":null}},"197":{"start":{"line":845,"column":18},"end":{"line":845,"column":null}},"198":{"start":{"line":846,"column":2},"end":{"line":867,"column":null}},"199":{"start":{"line":848,"column":18},"end":{"line":848,"column":null}},"200":{"start":{"line":849,"column":3},"end":{"line":866,"column":null}},"201":{"start":{"line":851,"column":23},"end":{"line":851,"column":null}},"202":{"start":{"line":852,"column":19},"end":{"line":852,"column":null}},"203":{"start":{"line":853,"column":27},"end":{"line":853,"column":null}},"204":{"start":{"line":855,"column":4},"end":{"line":858,"column":null}},"205":{"start":{"line":861,"column":4},"end":{"line":865,"column":null}},"206":{"start":{"line":870,"column":32},"end":{"line":923,"column":null}},"207":{"start":{"line":875,"column":18},"end":{"line":875,"column":null}},"208":{"start":{"line":877,"column":2},"end":{"line":880,"column":null}},"209":{"start":{"line":878,"column":3},"end":{"line":878,"column":null}},"210":{"start":{"line":879,"column":3},"end":{"line":879,"column":null}},"211":{"start":{"line":882,"column":2},"end":{"line":885,"column":null}},"212":{"start":{"line":883,"column":3},"end":{"line":883,"column":null}},"213":{"start":{"line":884,"column":3},"end":{"line":884,"column":null}},"214":{"start":{"line":887,"column":2},"end":{"line":922,"column":null}},"215":{"start":{"line":888,"column":17},"end":{"line":888,"column":null}},"216":{"start":{"line":891,"column":3},"end":{"line":895,"column":null}},"217":{"start":{"line":897,"column":20},"end":{"line":906,"column":null}},"218":{"start":{"line":909,"column":16},"end":{"line":909,"column":null}},"219":{"start":{"line":910,"column":3},"end":{"line":910,"column":null}},"220":{"start":{"line":912,"column":3},"end":{"line":912,"column":null}},"221":{"start":{"line":912,"column":21},"end":{"line":912,"column":null}},"222":{"start":{"line":914,"column":3},"end":{"line":914,"column":null}},"223":{"start":{"line":915,"column":3},"end":{"line":915,"column":null}},"224":{"start":{"line":916,"column":3},"end":{"line":916,"column":null}},"225":{"start":{"line":917,"column":3},"end":{"line":917,"column":null}},"226":{"start":{"line":918,"column":3},"end":{"line":918,"column":null}},"227":{"start":{"line":920,"column":3},"end":{"line":920,"column":null}},"228":{"start":{"line":921,"column":3},"end":{"line":921,"column":null}},"229":{"start":{"line":925,"column":51},"end":{"line":925,"column":null}},"230":{"start":{"line":926,"column":7},"end":{"line":941,"column":null}},"231":{"start":{"line":927,"column":2},"end":{"line":934,"column":null}},"232":{"start":{"line":935,"column":2},"end":{"line":935,"column":null}},"233":{"start":{"line":936,"column":2},"end":{"line":936,"column":null}},"234":{"start":{"line":937,"column":2},"end":{"line":937,"column":null}},"235":{"start":{"line":938,"column":2},"end":{"line":938,"column":null}},"236":{"start":{"line":939,"column":2},"end":{"line":939,"column":null}},"237":{"start":{"line":940,"column":2},"end":{"line":940,"column":null}},"238":{"start":{"line":945,"column":22},"end":{"line":950,"column":null}},"239":{"start":{"line":955,"column":20},"end":{"line":960,"column":null}},"240":{"start":{"line":965,"column":7},"end":{"line":967,"column":null}},"241":{"start":{"line":966,"column":2},"end":{"line":966,"column":null}},"242":{"start":{"line":972,"column":7},"end":{"line":1003,"column":null}},"243":{"start":{"line":974,"column":19},"end":{"line":974,"column":null}},"244":{"start":{"line":974,"column":42},"end":{"line":974,"column":75}},"245":{"start":{"line":977,"column":26},"end":{"line":977,"column":null}},"246":{"start":{"line":978,"column":25},"end":{"line":978,"column":null}},"247":{"start":{"line":980,"column":2},"end":{"line":986,"column":null}},"248":{"start":{"line":981,"column":3},"end":{"line":985,"column":null}},"249":{"start":{"line":982,"column":4},"end":{"line":982,"column":null}},"250":{"start":{"line":984,"column":4},"end":{"line":984,"column":null}},"251":{"start":{"line":989,"column":23},"end":{"line":996,"column":null}},"252":{"start":{"line":990,"column":18},"end":{"line":990,"column":null}},"253":{"start":{"line":991,"column":18},"end":{"line":991,"column":null}},"254":{"start":{"line":992,"column":3},"end":{"line":992,"column":null}},"255":{"start":{"line":992,"column":39},"end":{"line":992,"column":null}},"256":{"start":{"line":993,"column":3},"end":{"line":993,"column":null}},"257":{"start":{"line":993,"column":22},"end":{"line":993,"column":null}},"258":{"start":{"line":994,"column":3},"end":{"line":994,"column":null}},"259":{"start":{"line":994,"column":22},"end":{"line":994,"column":null}},"260":{"start":{"line":995,"column":3},"end":{"line":995,"column":null}},"261":{"start":{"line":999,"column":24},"end":{"line":999,"column":null}},"262":{"start":{"line":999,"column":47},"end":{"line":999,"column":75}},"263":{"start":{"line":1002,"column":2},"end":{"line":1002,"column":null}},"264":{"start":{"line":1008,"column":7},"end":{"line":1069,"column":null}},"265":{"start":{"line":1011,"column":23},"end":{"line":1011,"column":null}},"266":{"start":{"line":1012,"column":21},"end":{"line":1012,"column":null}},"267":{"start":{"line":1014,"column":16},"end":{"line":1014,"column":null}},"268":{"start":{"line":1017,"column":2},"end":{"line":1034,"column":null}},"269":{"start":{"line":1018,"column":19},"end":{"line":1018,"column":null}},"270":{"start":{"line":1018,"column":41},"end":{"line":1018,"column":61}},"271":{"start":{"line":1019,"column":22},"end":{"line":1019,"column":null}},"272":{"start":{"line":1019,"column":44},"end":{"line":1019,"column":64}},"273":{"start":{"line":1021,"column":3},"end":{"line":1027,"column":null}},"274":{"start":{"line":1022,"column":4},"end":{"line":1026,"column":null}},"275":{"start":{"line":1029,"column":3},"end":{"line":1033,"column":null}},"276":{"start":{"line":1036,"column":2},"end":{"line":1062,"column":null}},"277":{"start":{"line":1037,"column":3},"end":{"line":1043,"column":null}},"278":{"start":{"line":1038,"column":4},"end":{"line":1042,"column":null}},"279":{"start":{"line":1045,"column":3},"end":{"line":1055,"column":null}},"280":{"start":{"line":1046,"column":20},"end":{"line":1046,"column":null}},"281":{"start":{"line":1047,"column":19},"end":{"line":1047,"column":null}},"282":{"start":{"line":1050,"column":4},"end":{"line":1052,"column":null}},"283":{"start":{"line":1054,"column":4},"end":{"line":1054,"column":null}},"284":{"start":{"line":1057,"column":3},"end":{"line":1061,"column":null}},"285":{"start":{"line":1064,"column":2},"end":{"line":1068,"column":null}},"286":{"start":{"line":1077,"column":7},"end":{"line":1099,"column":null}},"287":{"start":{"line":1078,"column":30},"end":{"line":1078,"column":null}},"288":{"start":{"line":1081,"column":2},"end":{"line":1098,"column":null}},"289":{"start":{"line":1083,"column":3},"end":{"line":1086,"column":null}},"290":{"start":{"line":1083,"column":31},"end":{"line":1086,"column":5}},"291":{"start":{"line":1089,"column":3},"end":{"line":1091,"column":null}},"292":{"start":{"line":1090,"column":4},"end":{"line":1090,"column":null}},"293":{"start":{"line":1094,"column":3},"end":{"line":1097,"column":null}},"294":{"start":{"line":1094,"column":31},"end":{"line":1097,"column":5}},"295":{"start":{"line":1101,"column":23},"end":{"line":1123,"column":null}},"296":{"start":{"line":1102,"column":2},"end":{"line":1102,"column":null}},"297":{"start":{"line":1103,"column":2},"end":{"line":1122,"column":null}},"298":{"start":{"line":1104,"column":17},"end":{"line":1104,"column":null}},"299":{"start":{"line":1105,"column":20},"end":{"line":1112,"column":null}},"300":{"start":{"line":1114,"column":3},"end":{"line":1114,"column":null}},"301":{"start":{"line":1114,"column":21},"end":{"line":1114,"column":null}},"302":{"start":{"line":1116,"column":3},"end":{"line":1116,"column":null}},"303":{"start":{"line":1117,"column":3},"end":{"line":1117,"column":null}},"304":{"start":{"line":1118,"column":3},"end":{"line":1118,"column":null}},"305":{"start":{"line":1120,"column":3},"end":{"line":1120,"column":null}},"306":{"start":{"line":1121,"column":3},"end":{"line":1121,"column":null}},"307":{"start":{"line":1125,"column":24},"end":{"line":1152,"column":null}},"308":{"start":{"line":1126,"column":2},"end":{"line":1126,"column":null}},"309":{"start":{"line":1127,"column":2},"end":{"line":1127,"column":null}},"310":{"start":{"line":1127,"column":20},"end":{"line":1127,"column":null}},"311":{"start":{"line":1129,"column":2},"end":{"line":1151,"column":null}},"312":{"start":{"line":1130,"column":17},"end":{"line":1130,"column":null}},"313":{"start":{"line":1131,"column":20},"end":{"line":1138,"column":null}},"314":{"start":{"line":1140,"column":3},"end":{"line":1140,"column":null}},"315":{"start":{"line":1140,"column":21},"end":{"line":1140,"column":null}},"316":{"start":{"line":1142,"column":3},"end":{"line":1142,"column":null}},"317":{"start":{"line":1143,"column":18},"end":{"line":1143,"column":null}},"318":{"start":{"line":1144,"column":3},"end":{"line":1144,"column":null}},"319":{"start":{"line":1145,"column":3},"end":{"line":1145,"column":null}},"320":{"start":{"line":1147,"column":3},"end":{"line":1147,"column":null}},"321":{"start":{"line":1149,"column":3},"end":{"line":1149,"column":null}},"322":{"start":{"line":1150,"column":3},"end":{"line":1150,"column":null}},"323":{"start":{"line":1154,"column":7},"end":{"line":1184,"column":null}},"324":{"start":{"line":1155,"column":2},"end":{"line":1183,"column":null}},"325":{"start":{"line":1161,"column":4},"end":{"line":1177,"column":null}},"326":{"start":{"line":1162,"column":19},"end":{"line":1162,"column":null}},"327":{"start":{"line":1163,"column":22},"end":{"line":1168,"column":null}},"328":{"start":{"line":1170,"column":5},"end":{"line":1170,"column":null}},"329":{"start":{"line":1170,"column":23},"end":{"line":1170,"column":null}},"330":{"start":{"line":1172,"column":5},"end":{"line":1172,"column":null}},"331":{"start":{"line":1173,"column":5},"end":{"line":1173,"column":null}},"332":{"start":{"line":1175,"column":5},"end":{"line":1175,"column":null}},"333":{"start":{"line":1176,"column":5},"end":{"line":1176,"column":null}},"334":{"start":{"line":1178,"column":4},"end":{"line":1178,"column":null}},"335":{"start":{"line":1178,"column":32},"end":{"line":1178,"column":59}},"336":{"start":{"line":1181,"column":4},"end":{"line":1181,"column":null}},"337":{"start":{"line":1181,"column":32},"end":{"line":1181,"column":59}},"338":{"start":{"line":1186,"column":7},"end":{"line":1221,"column":null}},"339":{"start":{"line":1191,"column":2},"end":{"line":1220,"column":null}},"340":{"start":{"line":1197,"column":4},"end":{"line":1214,"column":null}},"341":{"start":{"line":1198,"column":19},"end":{"line":1198,"column":null}},"342":{"start":{"line":1199,"column":22},"end":{"line":1204,"column":null}},"343":{"start":{"line":1206,"column":5},"end":{"line":1206,"column":null}},"344":{"start":{"line":1206,"column":23},"end":{"line":1206,"column":null}},"345":{"start":{"line":1208,"column":5},"end":{"line":1208,"column":null}},"346":{"start":{"line":1209,"column":5},"end":{"line":1209,"column":null}},"347":{"start":{"line":1210,"column":5},"end":{"line":1210,"column":null}},"348":{"start":{"line":1212,"column":5},"end":{"line":1212,"column":null}},"349":{"start":{"line":1213,"column":5},"end":{"line":1213,"column":null}},"350":{"start":{"line":1215,"column":4},"end":{"line":1215,"column":null}},"351":{"start":{"line":1215,"column":32},"end":{"line":1215,"column":59}},"352":{"start":{"line":1218,"column":4},"end":{"line":1218,"column":null}},"353":{"start":{"line":1218,"column":32},"end":{"line":1218,"column":59}},"354":{"start":{"line":1223,"column":25},"end":{"line":1257,"column":null}},"355":{"start":{"line":1224,"column":2},"end":{"line":1227,"column":null}},"356":{"start":{"line":1225,"column":3},"end":{"line":1225,"column":null}},"357":{"start":{"line":1226,"column":3},"end":{"line":1226,"column":null}},"358":{"start":{"line":1229,"column":2},"end":{"line":1256,"column":null}},"359":{"start":{"line":1230,"column":17},"end":{"line":1230,"column":null}},"360":{"start":{"line":1231,"column":20},"end":{"line":1243,"column":null}},"361":{"start":{"line":1245,"column":3},"end":{"line":1245,"column":null}},"362":{"start":{"line":1245,"column":21},"end":{"line":1245,"column":null}},"363":{"start":{"line":1247,"column":3},"end":{"line":1247,"column":null}},"364":{"start":{"line":1248,"column":3},"end":{"line":1248,"column":null}},"365":{"start":{"line":1249,"column":3},"end":{"line":1249,"column":null}},"366":{"start":{"line":1250,"column":3},"end":{"line":1250,"column":null}},"367":{"start":{"line":1251,"column":3},"end":{"line":1251,"column":null}},"368":{"start":{"line":1252,"column":3},"end":{"line":1252,"column":null}},"369":{"start":{"line":1254,"column":3},"end":{"line":1254,"column":null}},"370":{"start":{"line":1255,"column":3},"end":{"line":1255,"column":null}},"371":{"start":{"line":1259,"column":32},"end":{"line":1286,"column":null}},"372":{"start":{"line":1264,"column":2},"end":{"line":1285,"column":null}},"373":{"start":{"line":1265,"column":17},"end":{"line":1265,"column":null}},"374":{"start":{"line":1266,"column":20},"end":{"line":1273,"column":null}},"375":{"start":{"line":1275,"column":3},"end":{"line":1275,"column":null}},"376":{"start":{"line":1275,"column":21},"end":{"line":1275,"column":null}},"377":{"start":{"line":1277,"column":3},"end":{"line":1279,"column":null}},"378":{"start":{"line":1280,"column":3},"end":{"line":1280,"column":null}},"379":{"start":{"line":1281,"column":3},"end":{"line":1281,"column":null}},"380":{"start":{"line":1283,"column":3},"end":{"line":1283,"column":null}},"381":{"start":{"line":1284,"column":3},"end":{"line":1284,"column":null}},"382":{"start":{"line":1288,"column":7},"end":{"line":1298,"column":null}},"383":{"start":{"line":1289,"column":2},"end":{"line":1296,"column":null}},"384":{"start":{"line":1297,"column":2},"end":{"line":1297,"column":null}},"385":{"start":{"line":1300,"column":7},"end":{"line":1307,"column":null}},"386":{"start":{"line":1301,"column":16},"end":{"line":1301,"column":null}},"387":{"start":{"line":1301,"column":41},"end":{"line":1301,"column":61}},"388":{"start":{"line":1302,"column":2},"end":{"line":1305,"column":null}},"389":{"start":{"line":1303,"column":16},"end":{"line":1303,"column":null}},"390":{"start":{"line":1304,"column":3},"end":{"line":1304,"column":null}},"391":{"start":{"line":1306,"column":2},"end":{"line":1306,"column":null}},"392":{"start":{"line":1309,"column":1},"end":{"line":1841,"column":null}},"393":{"start":{"line":1334,"column":22},"end":{"line":1334,"column":null}},"394":{"start":{"line":1366,"column":21},"end":{"line":1366,"column":null}},"395":{"start":{"line":1379,"column":8},"end":{"line":1379,"column":null}},"396":{"start":{"line":1379,"column":26},"end":{"line":1379,"column":null}},"397":{"start":{"line":1380,"column":8},"end":{"line":1380,"column":null}},"398":{"start":{"line":1380,"column":25},"end":{"line":1380,"column":null}},"399":{"start":{"line":1385,"column":24},"end":{"line":1385,"column":null}},"400":{"start":{"line":1394,"column":11},"end":{"line":1394,"column":null}},"401":{"start":{"line":1395,"column":11},"end":{"line":1395,"column":null}},"402":{"start":{"line":1409,"column":13},"end":{"line":1409,"column":null}},"403":{"start":{"line":1420,"column":13},"end":{"line":1420,"column":null}},"404":{"start":{"line":1429,"column":13},"end":{"line":1432,"column":null}},"405":{"start":{"line":1442,"column":29},"end":{"line":1445,"column":null}},"406":{"start":{"line":1449,"column":26},"end":{"line":1449,"column":50}},"407":{"start":{"line":1451,"column":14},"end":{"line":1453,"column":null}},"408":{"start":{"line":1464,"column":14},"end":{"line":1464,"column":null}},"409":{"start":{"line":1473,"column":14},"end":{"line":1473,"column":null}},"410":{"start":{"line":1477,"column":14},"end":{"line":1479,"column":null}},"411":{"start":{"line":1502,"column":12},"end":{"line":1502,"column":null}},"412":{"start":{"line":1503,"column":12},"end":{"line":1503,"column":null}},"413":{"start":{"line":1524,"column":11},"end":{"line":1524,"column":null}},"414":{"start":{"line":1526,"column":7},"end":{"line":1835,"column":null}},"415":{"start":{"line":1547,"column":29},"end":{"line":1547,"column":null}},"416":{"start":{"line":1555,"column":15},"end":{"line":1555,"column":null}},"417":{"start":{"line":1584,"column":12},"end":{"line":1734,"column":null}},"418":{"start":{"line":1617,"column":20},"end":{"line":1617,"column":null}},"419":{"start":{"line":1623,"column":35},"end":{"line":1623,"column":null}},"420":{"start":{"line":1625,"column":20},"end":{"line":1631,"column":null}},"421":{"start":{"line":1626,"column":21},"end":{"line":1630,"column":null}},"422":{"start":{"line":1632,"column":20},"end":{"line":1635,"column":null}},"423":{"start":{"line":1633,"column":21},"end":{"line":1633,"column":null}},"424":{"start":{"line":1634,"column":21},"end":{"line":1634,"column":null}},"425":{"start":{"line":1643,"column":20},"end":{"line":1647,"column":null}},"426":{"start":{"line":1658,"column":20},"end":{"line":1658,"column":null}},"427":{"start":{"line":1659,"column":20},"end":{"line":1659,"column":null}},"428":{"start":{"line":1671,"column":19},"end":{"line":1676,"column":null}},"429":{"start":{"line":1677,"column":19},"end":{"line":1677,"column":null}},"430":{"start":{"line":1690,"column":19},"end":{"line":1694,"column":null}},"431":{"start":{"line":1705,"column":19},"end":{"line":1709,"column":null}},"432":{"start":{"line":1721,"column":18},"end":{"line":1725,"column":null}},"433":{"start":{"line":1739,"column":27},"end":{"line":1739,"column":null}},"434":{"start":{"line":1740,"column":30},"end":{"line":1740,"column":null}},"435":{"start":{"line":1741,"column":36},"end":{"line":1741,"column":null}},"436":{"start":{"line":1743,"column":11},"end":{"line":1761,"column":null}},"437":{"start":{"line":1747,"column":14},"end":{"line":1749,"column":null}},"438":{"start":{"line":1750,"column":14},"end":{"line":1750,"column":null}},"439":{"start":{"line":1770,"column":32},"end":{"line":1770,"column":null}},"440":{"start":{"line":1777,"column":18},"end":{"line":1779,"column":null}},"441":{"start":{"line":1778,"column":26},"end":{"line":1778,"column":null}},"442":{"start":{"line":1782,"column":17},"end":{"line":1785,"column":null}},"443":{"start":{"line":1792,"column":32},"end":{"line":1792,"column":null}},"444":{"start":{"line":1801,"column":33},"end":{"line":1801,"column":null}},"445":{"start":{"line":1807,"column":30},"end":{"line":1807,"column":null}},"446":{"start":{"line":1814,"column":16},"end":{"line":1814,"column":null}},"447":{"start":{"line":1815,"column":16},"end":{"line":1815,"column":null}},"448":{"start":{"line":1816,"column":16},"end":{"line":1816,"column":null}},"449":{"start":{"line":1817,"column":16},"end":{"line":1817,"column":null}},"450":{"start":{"line":1826,"column":29},"end":{"line":1826,"column":null}},"451":{"start":{"line":1851,"column":47},"end":{"line":1851,"column":null}},"452":{"start":{"line":1852,"column":31},"end":{"line":1852,"column":null}},"453":{"start":{"line":1853,"column":31},"end":{"line":1853,"column":null}},"454":{"start":{"line":1854,"column":45},"end":{"line":1854,"column":null}},"455":{"start":{"line":1855,"column":39},"end":{"line":1855,"column":null}},"456":{"start":{"line":1856,"column":35},"end":{"line":1856,"column":null}},"457":{"start":{"line":1857,"column":47},"end":{"line":1857,"column":null}},"458":{"start":{"line":1858,"column":41},"end":{"line":1858,"column":null}},"459":{"start":{"line":1859,"column":45},"end":{"line":1859,"column":null}},"460":{"start":{"line":1860,"column":49},"end":{"line":1860,"column":null}},"461":{"start":{"line":1861,"column":47},"end":{"line":1861,"column":null}},"462":{"start":{"line":1862,"column":55},"end":{"line":1862,"column":null}},"463":{"start":{"line":1865,"column":24},"end":{"line":1896,"column":null}},"464":{"start":{"line":1899,"column":22},"end":{"line":1917,"column":null}},"465":{"start":{"line":1900,"column":2},"end":{"line":1916,"column":null}},"466":{"start":{"line":1901,"column":3},"end":{"line":1901,"column":null}},"467":{"start":{"line":1902,"column":17},"end":{"line":1902,"column":null}},"468":{"start":{"line":1903,"column":20},"end":{"line":1905,"column":null}},"469":{"start":{"line":1907,"column":3},"end":{"line":1907,"column":null}},"470":{"start":{"line":1907,"column":21},"end":{"line":1907,"column":null}},"471":{"start":{"line":1909,"column":16},"end":{"line":1909,"column":null}},"472":{"start":{"line":1910,"column":3},"end":{"line":1910,"column":null}},"473":{"start":{"line":1912,"column":3},"end":{"line":1912,"column":null}},"474":{"start":{"line":1913,"column":3},"end":{"line":1913,"column":null}},"475":{"start":{"line":1915,"column":3},"end":{"line":1915,"column":null}},"476":{"start":{"line":1920,"column":33},"end":{"line":1920,"column":null}},"477":{"start":{"line":1922,"column":23},"end":{"line":1935,"column":null}},"478":{"start":{"line":1923,"column":2},"end":{"line":1934,"column":null}},"479":{"start":{"line":1924,"column":17},"end":{"line":1924,"column":null}},"480":{"start":{"line":1925,"column":20},"end":{"line":1927,"column":null}},"481":{"start":{"line":1928,"column":3},"end":{"line":1931,"column":null}},"482":{"start":{"line":1929,"column":17},"end":{"line":1929,"column":null}},"483":{"start":{"line":1930,"column":4},"end":{"line":1930,"column":null}},"484":{"start":{"line":1933,"column":3},"end":{"line":1933,"column":null}},"485":{"start":{"line":1938,"column":7},"end":{"line":1951,"column":null}},"486":{"start":{"line":1939,"column":2},"end":{"line":1939,"column":null}},"487":{"start":{"line":1939,"column":21},"end":{"line":1939,"column":null}},"488":{"start":{"line":1942,"column":16},"end":{"line":1942,"column":null}},"489":{"start":{"line":1943,"column":19},"end":{"line":1943,"column":null}},"490":{"start":{"line":1945,"column":2},"end":{"line":1945,"column":null}},"491":{"start":{"line":1945,"column":17},"end":{"line":1945,"column":null}},"492":{"start":{"line":1947,"column":21},"end":{"line":1947,"column":null}},"493":{"start":{"line":1948,"column":2},"end":{"line":1950,"column":null}},"494":{"start":{"line":1949,"column":12},"end":{"line":1949,"column":null}},"495":{"start":{"line":1953,"column":7},"end":{"line":1964,"column":null}},"496":{"start":{"line":1954,"column":2},"end":{"line":1954,"column":null}},"497":{"start":{"line":1954,"column":21},"end":{"line":1954,"column":null}},"498":{"start":{"line":1955,"column":21},"end":{"line":1955,"column":null}},"499":{"start":{"line":1956,"column":2},"end":{"line":1963,"column":null}},"500":{"start":{"line":1959,"column":5},"end":{"line":1961,"column":null}},"501":{"start":{"line":1966,"column":7},"end":{"line":1968,"column":null}},"502":{"start":{"line":1967,"column":2},"end":{"line":1967,"column":null}},"503":{"start":{"line":1967,"column":30},"end":{"line":1967,"column":53}},"504":{"start":{"line":1970,"column":7},"end":{"line":1974,"column":null}},"505":{"start":{"line":1971,"column":15},"end":{"line":1971,"column":null}},"506":{"start":{"line":1972,"column":2},"end":{"line":1972,"column":null}},"507":{"start":{"line":1972,"column":12},"end":{"line":1972,"column":null}},"508":{"start":{"line":1973,"column":2},"end":{"line":1973,"column":null}},"509":{"start":{"line":1976,"column":31},"end":{"line":2038,"column":null}},"510":{"start":{"line":1977,"column":2},"end":{"line":1980,"column":null}},"511":{"start":{"line":1978,"column":3},"end":{"line":1978,"column":null}},"512":{"start":{"line":1979,"column":3},"end":{"line":1979,"column":null}},"513":{"start":{"line":1983,"column":22},"end":{"line":1986,"column":null}},"514":{"start":{"line":1985,"column":16},"end":{"line":1985,"column":27}},"515":{"start":{"line":1986,"column":19},"end":{"line":1986,"column":34}},"516":{"start":{"line":1988,"column":2},"end":{"line":1991,"column":null}},"517":{"start":{"line":1989,"column":3},"end":{"line":1989,"column":null}},"518":{"start":{"line":1990,"column":3},"end":{"line":1990,"column":null}},"519":{"start":{"line":1993,"column":2},"end":{"line":2037,"column":null}},"520":{"start":{"line":1994,"column":17},"end":{"line":1994,"column":null}},"521":{"start":{"line":1997,"column":20},"end":{"line":1997,"column":null}},"522":{"start":{"line":1998,"column":28},"end":{"line":1998,"column":null}},"523":{"start":{"line":2000,"column":3},"end":{"line":2020,"column":null}},"524":{"start":{"line":2001,"column":4},"end":{"line":2019,"column":null}},"525":{"start":{"line":2002,"column":22},"end":{"line":2009,"column":null}},"526":{"start":{"line":2011,"column":5},"end":{"line":2016,"column":null}},"527":{"start":{"line":2012,"column":6},"end":{"line":2012,"column":null}},"528":{"start":{"line":2014,"column":20},"end":{"line":2014,"column":null}},"529":{"start":{"line":2015,"column":6},"end":{"line":2015,"column":null}},"530":{"start":{"line":2018,"column":5},"end":{"line":2018,"column":null}},"531":{"start":{"line":2022,"column":3},"end":{"line":2024,"column":null}},"532":{"start":{"line":2023,"column":4},"end":{"line":2023,"column":null}},"533":{"start":{"line":2025,"column":3},"end":{"line":2027,"column":null}},"534":{"start":{"line":2026,"column":4},"end":{"line":2026,"column":null}},"535":{"start":{"line":2029,"column":3},"end":{"line":2029,"column":null}},"536":{"start":{"line":2030,"column":3},"end":{"line":2030,"column":null}},"537":{"start":{"line":2031,"column":3},"end":{"line":2031,"column":null}},"538":{"start":{"line":2032,"column":3},"end":{"line":2032,"column":null}},"539":{"start":{"line":2033,"column":3},"end":{"line":2033,"column":null}},"540":{"start":{"line":2035,"column":3},"end":{"line":2035,"column":null}},"541":{"start":{"line":2036,"column":3},"end":{"line":2036,"column":null}},"542":{"start":{"line":2040,"column":7},"end":{"line":2044,"column":null}},"543":{"start":{"line":2041,"column":2},"end":{"line":2041,"column":null}},"544":{"start":{"line":2042,"column":2},"end":{"line":2042,"column":null}},"545":{"start":{"line":2043,"column":2},"end":{"line":2043,"column":null}},"546":{"start":{"line":2046,"column":7},"end":{"line":2051,"column":null}},"547":{"start":{"line":2047,"column":2},"end":{"line":2047,"column":null}},"548":{"start":{"line":2048,"column":2},"end":{"line":2048,"column":null}},"549":{"start":{"line":2049,"column":2},"end":{"line":2049,"column":null}},"550":{"start":{"line":2050,"column":2},"end":{"line":2050,"column":null}},"551":{"start":{"line":2053,"column":24},"end":{"line":2079,"column":null}},"552":{"start":{"line":2054,"column":2},"end":{"line":2054,"column":null}},"553":{"start":{"line":2054,"column":23},"end":{"line":2054,"column":null}},"554":{"start":{"line":2056,"column":2},"end":{"line":2078,"column":null}},"555":{"start":{"line":2057,"column":17},"end":{"line":2057,"column":null}},"556":{"start":{"line":2058,"column":20},"end":{"line":2065,"column":null}},"557":{"start":{"line":2067,"column":3},"end":{"line":2070,"column":null}},"558":{"start":{"line":2068,"column":18},"end":{"line":2068,"column":null}},"559":{"start":{"line":2069,"column":4},"end":{"line":2069,"column":null}},"560":{"start":{"line":2072,"column":3},"end":{"line":2072,"column":null}},"561":{"start":{"line":2073,"column":3},"end":{"line":2073,"column":null}},"562":{"start":{"line":2074,"column":3},"end":{"line":2074,"column":null}},"563":{"start":{"line":2076,"column":3},"end":{"line":2076,"column":null}},"564":{"start":{"line":2077,"column":3},"end":{"line":2077,"column":null}},"565":{"start":{"line":2081,"column":1},"end":{"line":2084,"column":null}},"566":{"start":{"line":2082,"column":2},"end":{"line":2082,"column":null}},"567":{"start":{"line":2083,"column":2},"end":{"line":2083,"column":null}},"568":{"start":{"line":2086,"column":27},"end":{"line":2086,"column":null}},"569":{"start":{"line":2086,"column":49},"end":{"line":2086,"column":80}},"570":{"start":{"line":2088,"column":1},"end":{"line":2097,"column":null}},"571":{"start":{"line":2089,"column":2},"end":{"line":2095,"column":null}},"572":{"start":{"line":2099,"column":1},"end":{"line":2419,"column":null}},"573":{"start":{"line":2110,"column":20},"end":{"line":2110,"column":null}},"574":{"start":{"line":2127,"column":6},"end":{"line":2156,"column":null}},"575":{"start":{"line":2142,"column":11},"end":{"line":2144,"column":null}},"576":{"start":{"line":2150,"column":24},"end":{"line":2150,"column":null}},"577":{"start":{"line":2164,"column":81},"end":{"line":2164,"column":null}},"578":{"start":{"line":2182,"column":27},"end":{"line":2182,"column":null}},"579":{"start":{"line":2188,"column":11},"end":{"line":2191,"column":null}},"580":{"start":{"line":2189,"column":12},"end":{"line":2189,"column":null}},"581":{"start":{"line":2190,"column":12},"end":{"line":2190,"column":null}},"582":{"start":{"line":2192,"column":11},"end":{"line":2195,"column":null}},"583":{"start":{"line":2193,"column":12},"end":{"line":2193,"column":null}},"584":{"start":{"line":2194,"column":12},"end":{"line":2194,"column":null}},"585":{"start":{"line":2196,"column":11},"end":{"line":2196,"column":null}},"586":{"start":{"line":2197,"column":11},"end":{"line":2197,"column":null}},"587":{"start":{"line":2207,"column":12},"end":{"line":2224,"column":null}},"588":{"start":{"line":2211,"column":14},"end":{"line":2211,"column":null}},"589":{"start":{"line":2212,"column":14},"end":{"line":2215,"column":null}},"590":{"start":{"line":2213,"column":15},"end":{"line":2213,"column":null}},"591":{"start":{"line":2214,"column":15},"end":{"line":2214,"column":null}},"592":{"start":{"line":2217,"column":34},"end":{"line":2217,"column":null}},"593":{"start":{"line":2218,"column":34},"end":{"line":2218,"column":null}},"594":{"start":{"line":2240,"column":11},"end":{"line":2248,"column":null}},"595":{"start":{"line":2244,"column":28},"end":{"line":2244,"column":null}},"596":{"start":{"line":2244,"column":69},"end":{"line":2244,"column":79}},"597":{"start":{"line":2275,"column":56},"end":{"line":2275,"column":null}},"598":{"start":{"line":2276,"column":51},"end":{"line":2276,"column":null}},"599":{"start":{"line":2279,"column":62},"end":{"line":2279,"column":null}},"600":{"start":{"line":2293,"column":25},"end":{"line":2293,"column":null}},"601":{"start":{"line":2294,"column":11},"end":{"line":2294,"column":null}},"602":{"start":{"line":2295,"column":11},"end":{"line":2295,"column":null}},"603":{"start":{"line":2296,"column":11},"end":{"line":2296,"column":null}},"604":{"start":{"line":2298,"column":25},"end":{"line":2298,"column":null}},"605":{"start":{"line":2303,"column":12},"end":{"line":2317,"column":null}},"606":{"start":{"line":2307,"column":14},"end":{"line":2307,"column":null}},"607":{"start":{"line":2308,"column":14},"end":{"line":2308,"column":null}},"608":{"start":{"line":2309,"column":14},"end":{"line":2309,"column":null}},"609":{"start":{"line":2310,"column":14},"end":{"line":2310,"column":null}},"610":{"start":{"line":2334,"column":11},"end":{"line":2334,"column":null}},"611":{"start":{"line":2335,"column":11},"end":{"line":2335,"column":null}},"612":{"start":{"line":2337,"column":25},"end":{"line":2337,"column":null}},"613":{"start":{"line":2338,"column":24},"end":{"line":2338,"column":null}},"614":{"start":{"line":2338,"column":41},"end":{"line":2338,"column":68}},"615":{"start":{"line":2345,"column":26},"end":{"line":2348,"column":null}},"616":{"start":{"line":2347,"column":23},"end":{"line":2347,"column":31}},"617":{"start":{"line":2348,"column":26},"end":{"line":2348,"column":38}},"618":{"start":{"line":2351,"column":34},"end":{"line":2351,"column":null}},"619":{"start":{"line":2354,"column":12},"end":{"line":2354,"column":null}},"620":{"start":{"line":2354,"column":52},"end":{"line":2354,"column":null}},"621":{"start":{"line":2356,"column":12},"end":{"line":2384,"column":null}},"622":{"start":{"line":2361,"column":15},"end":{"line":2361,"column":null}},"623":{"start":{"line":2364,"column":32},"end":{"line":2367,"column":null}},"624":{"start":{"line":2366,"column":26},"end":{"line":2366,"column":34}},"625":{"start":{"line":2367,"column":29},"end":{"line":2367,"column":41}},"626":{"start":{"line":2370,"column":15},"end":{"line":2370,"column":null}},"627":{"start":{"line":2373,"column":15},"end":{"line":2373,"column":null}},"628":{"start":{"line":2376,"column":15},"end":{"line":2376,"column":null}},"629":{"start":{"line":2377,"column":15},"end":{"line":2377,"column":null}},"630":{"start":{"line":2398,"column":9},"end":{"line":2398,"column":null}},"631":{"start":{"line":2399,"column":9},"end":{"line":2399,"column":null}},"632":{"start":{"line":2400,"column":9},"end":{"line":2400,"column":null}},"633":{"start":{"line":2401,"column":9},"end":{"line":2401,"column":null}},"634":{"start":{"line":2430,"column":22},"end":{"line":2433,"column":null}},"635":{"start":{"line":2431,"column":17},"end":{"line":2431,"column":null}},"636":{"start":{"line":2435,"column":1},"end":{"line":2484,"column":null}},"637":{"start":{"line":2493,"column":18},"end":{"line":2493,"column":30}},"638":{"start":{"line":2494,"column":31},"end":{"line":2494,"column":null}},"639":{"start":{"line":2495,"column":37},"end":{"line":2495,"column":null}},"640":{"start":{"line":2496,"column":27},"end":{"line":2496,"column":null}},"641":{"start":{"line":2497,"column":27},"end":{"line":2497,"column":null}},"642":{"start":{"line":2498,"column":45},"end":{"line":2498,"column":null}},"643":{"start":{"line":2499,"column":39},"end":{"line":2499,"column":null}},"644":{"start":{"line":2500,"column":45},"end":{"line":2500,"column":null}},"645":{"start":{"line":2502,"column":19},"end":{"line":2570,"column":null}},"646":{"start":{"line":2503,"column":2},"end":{"line":2569,"column":null}},"647":{"start":{"line":2504,"column":3},"end":{"line":2504,"column":null}},"648":{"start":{"line":2505,"column":17},"end":{"line":2505,"column":null}},"649":{"start":{"line":2507,"column":22},"end":{"line":2509,"column":null}},"650":{"start":{"line":2511,"column":3},"end":{"line":2513,"column":null}},"651":{"start":{"line":2512,"column":4},"end":{"line":2512,"column":null}},"652":{"start":{"line":2515,"column":23},"end":{"line":2515,"column":null}},"653":{"start":{"line":2516,"column":3},"end":{"line":2516,"column":null}},"654":{"start":{"line":2518,"column":3},"end":{"line":2525,"column":null}},"655":{"start":{"line":2523,"column":4},"end":{"line":2523,"column":null}},"656":{"start":{"line":2524,"column":4},"end":{"line":2524,"column":null}},"657":{"start":{"line":2527,"column":20},"end":{"line":2529,"column":null}},"658":{"start":{"line":2531,"column":3},"end":{"line":2535,"column":null}},"659":{"start":{"line":2532,"column":22},"end":{"line":2532,"column":null}},"660":{"start":{"line":2533,"column":4},"end":{"line":2533,"column":null}},"661":{"start":{"line":2534,"column":4},"end":{"line":2534,"column":null}},"662":{"start":{"line":2537,"column":20},"end":{"line":2539,"column":null}},"663":{"start":{"line":2541,"column":3},"end":{"line":2544,"column":null}},"664":{"start":{"line":2542,"column":22},"end":{"line":2542,"column":null}},"665":{"start":{"line":2543,"column":4},"end":{"line":2543,"column":null}},"666":{"start":{"line":2546,"column":20},"end":{"line":2548,"column":null}},"667":{"start":{"line":2550,"column":3},"end":{"line":2560,"column":null}},"668":{"start":{"line":2551,"column":22},"end":{"line":2551,"column":null}},"669":{"start":{"line":2552,"column":32},"end":{"line":2558,"column":null}},"670":{"start":{"line":2552,"column":59},"end":{"line":2558,"column":6}},"671":{"start":{"line":2559,"column":4},"end":{"line":2559,"column":null}},"672":{"start":{"line":2562,"column":3},"end":{"line":2562,"column":null}},"673":{"start":{"line":2564,"column":3},"end":{"line":2564,"column":null}},"674":{"start":{"line":2565,"column":3},"end":{"line":2565,"column":null}},"675":{"start":{"line":2567,"column":3},"end":{"line":2567,"column":null}},"676":{"start":{"line":2568,"column":3},"end":{"line":2568,"column":null}},"677":{"start":{"line":2572,"column":23},"end":{"line":2577,"column":null}},"678":{"start":{"line":2573,"column":2},"end":{"line":2573,"column":null}},"679":{"start":{"line":2574,"column":2},"end":{"line":2574,"column":null}},"680":{"start":{"line":2575,"column":2},"end":{"line":2575,"column":null}},"681":{"start":{"line":2576,"column":2},"end":{"line":2576,"column":null}},"682":{"start":{"line":2579,"column":33},"end":{"line":2601,"column":null}},"683":{"start":{"line":2583,"column":2},"end":{"line":2600,"column":null}},"684":{"start":{"line":2584,"column":19},"end":{"line":2584,"column":null}},"685":{"start":{"line":2585,"column":3},"end":{"line":2595,"column":null}},"686":{"start":{"line":2586,"column":4},"end":{"line":2590,"column":null}},"687":{"start":{"line":2587,"column":5},"end":{"line":2589,"column":null}},"688":{"start":{"line":2588,"column":6},"end":{"line":2588,"column":null}},"689":{"start":{"line":2591,"column":4},"end":{"line":2591,"column":null}},"690":{"start":{"line":2592,"column":4},"end":{"line":2592,"column":null}},"691":{"start":{"line":2594,"column":4},"end":{"line":2594,"column":null}},"692":{"start":{"line":2597,"column":3},"end":{"line":2597,"column":null}},"693":{"start":{"line":2598,"column":3},"end":{"line":2598,"column":null}},"694":{"start":{"line":2599,"column":3},"end":{"line":2599,"column":null}},"695":{"start":{"line":2603,"column":7},"end":{"line":2605,"column":null}},"696":{"start":{"line":2604,"column":2},"end":{"line":2604,"column":null}},"697":{"start":{"line":2607,"column":1},"end":{"line":2621,"column":null}},"698":{"start":{"line":2608,"column":2},"end":{"line":2620,"column":null}},"699":{"start":{"line":2609,"column":19},"end":{"line":2609,"column":null}},"700":{"start":{"line":2610,"column":3},"end":{"line":2619,"column":null}},"701":{"start":{"line":2611,"column":4},"end":{"line":2611,"column":null}},"702":{"start":{"line":2613,"column":4},"end":{"line":2613,"column":null}},"703":{"start":{"line":2614,"column":4},"end":{"line":2614,"column":null}},"704":{"start":{"line":2615,"column":4},"end":{"line":2617,"column":null}},"705":{"start":{"line":2616,"column":5},"end":{"line":2616,"column":null}},"706":{"start":{"line":2618,"column":4},"end":{"line":2618,"column":null}},"707":{"start":{"line":2623,"column":1},"end":{"line":2625,"column":null}},"708":{"start":{"line":2624,"column":2},"end":{"line":2624,"column":null}},"709":{"start":{"line":2627,"column":1},"end":{"line":2634,"column":null}},"710":{"start":{"line":2628,"column":2},"end":{"line":2632,"column":null}},"711":{"start":{"line":2636,"column":1},"end":{"line":2643,"column":null}},"712":{"start":{"line":2642,"column":2},"end":{"line":2642,"column":null}},"713":{"start":{"line":2645,"column":2},"end":{"line":2647,"column":null}},"714":{"start":{"line":2649,"column":1},"end":{"line":2680,"column":null}}},"fnMap":{"0":{"name":"LogsManagement","decl":{"start":{"line":96,"column":9},"end":{"line":96,"column":26}},"loc":{"start":{"line":96,"column":26},"end":{"line":496,"column":null}},"line":96},"1":{"name":"(anonymous_1)","decl":{"start":{"line":141,"column":7},"end":{"line":141,"column":38}},"loc":{"start":{"line":141,"column":65},"end":{"line":177,"column":null}},"line":141},"2":{"name":"(anonymous_2)","decl":{"start":{"line":179,"column":7},"end":{"line":179,"column":29}},"loc":{"start":{"line":179,"column":63},"end":{"line":219,"column":null}},"line":179},"3":{"name":"(anonymous_3)","decl":{"start":{"line":210,"column":16},"end":{"line":210,"column":21}},"loc":{"start":{"line":210,"column":27},"end":{"line":210,"column":48}},"line":210},"4":{"name":"(anonymous_4)","decl":{"start":{"line":214,"column":5},"end":{"line":214,"column":10}},"loc":{"start":{"line":214,"column":16},"end":{"line":214,"column":37}},"line":214},"5":{"name":"(anonymous_5)","decl":{"start":{"line":221,"column":7},"end":{"line":221,"column":25}},"loc":{"start":{"line":221,"column":42},"end":{"line":230,"column":null}},"line":221},"6":{"name":"(anonymous_6)","decl":{"start":{"line":232,"column":7},"end":{"line":232,"column":26}},"loc":{"start":{"line":232,"column":43},"end":{"line":255,"column":null}},"line":232},"7":{"name":"(anonymous_7)","decl":{"start":{"line":257,"column":19},"end":{"line":257,"column":31}},"loc":{"start":{"line":257,"column":31},"end":{"line":287,"column":null}},"line":257},"8":{"name":"(anonymous_8)","decl":{"start":{"line":289,"column":1},"end":{"line":289,"column":17}},"loc":{"start":{"line":289,"column":17},"end":{"line":291,"column":4}},"line":289},"9":{"name":"(anonymous_9)","decl":{"start":{"line":307,"column":5},"end":{"line":307,"column":20}},"loc":{"start":{"line":307,"column":20},"end":{"line":310,"column":null}},"line":307},"10":{"name":"(anonymous_10)","decl":{"start":{"line":324,"column":6},"end":{"line":324,"column":17}},"loc":{"start":{"line":324,"column":23},"end":{"line":327,"column":null}},"line":324},"11":{"name":"(anonymous_11)","decl":{"start":{"line":332,"column":7},"end":{"line":332,"column":22}},"loc":{"start":{"line":332,"column":22},"end":{"line":335,"column":null}},"line":332},"12":{"name":"(anonymous_12)","decl":{"start":{"line":345,"column":6},"end":{"line":345,"column":17}},"loc":{"start":{"line":345,"column":23},"end":{"line":348,"column":null}},"line":345},"13":{"name":"(anonymous_13)","decl":{"start":{"line":351,"column":18},"end":{"line":351,"column":23}},"loc":{"start":{"line":352,"column":7},"end":{"line":354,"column":null}},"line":352},"14":{"name":"(anonymous_14)","decl":{"start":{"line":360,"column":6},"end":{"line":360,"column":17}},"loc":{"start":{"line":360,"column":23},"end":{"line":363,"column":null}},"line":360},"15":{"name":"(anonymous_15)","decl":{"start":{"line":366,"column":19},"end":{"line":366,"column":24}},"loc":{"start":{"line":367,"column":7},"end":{"line":369,"column":null}},"line":367},"16":{"name":"(anonymous_16)","decl":{"start":{"line":375,"column":6},"end":{"line":375,"column":17}},"loc":{"start":{"line":375,"column":23},"end":{"line":378,"column":null}},"line":375},"17":{"name":"(anonymous_17)","decl":{"start":{"line":401,"column":12},"end":{"line":401,"column":17}},"loc":{"start":{"line":401,"column":25},"end":{"line":464,"column":7}},"line":401},"18":{"name":"(anonymous_18)","decl":{"start":{"line":475,"column":8},"end":{"line":475,"column":23}},"loc":{"start":{"line":475,"column":23},"end":{"line":475,"column":null}},"line":475},"19":{"name":"(anonymous_19)","decl":{"start":{"line":485,"column":8},"end":{"line":485,"column":23}},"loc":{"start":{"line":485,"column":23},"end":{"line":485,"column":null}},"line":485},"20":{"name":"RolesManagement","decl":{"start":{"line":567,"column":9},"end":{"line":567,"column":25}},"loc":{"start":{"line":582,"column":3},"end":{"line":788,"column":null}},"line":582},"21":{"name":"(anonymous_21)","decl":{"start":{"line":615,"column":7},"end":{"line":615,"column":26}},"loc":{"start":{"line":615,"column":41},"end":{"line":618,"column":null}},"line":615},"22":{"name":"(anonymous_22)","decl":{"start":{"line":620,"column":7},"end":{"line":620,"column":32}},"loc":{"start":{"line":620,"column":32},"end":{"line":623,"column":null}},"line":620},"23":{"name":"(anonymous_23)","decl":{"start":{"line":625,"column":7},"end":{"line":625,"column":33}},"loc":{"start":{"line":625,"column":60},"end":{"line":631,"column":null}},"line":625},"24":{"name":"(anonymous_24)","decl":{"start":{"line":626,"column":2},"end":{"line":626,"column":26}},"loc":{"start":{"line":627,"column":3},"end":{"line":629,"column":null}},"line":627},"25":{"name":"(anonymous_25)","decl":{"start":{"line":628,"column":11},"end":{"line":628,"column":19}},"loc":{"start":{"line":628,"column":25},"end":{"line":628,"column":41}},"line":628},"26":{"name":"(anonymous_26)","decl":{"start":{"line":633,"column":31},"end":{"line":633,"column":38}},"loc":{"start":{"line":633,"column":57},"end":{"line":646,"column":null}},"line":633},"27":{"name":"(anonymous_27)","decl":{"start":{"line":679,"column":11},"end":{"line":679,"column":16}},"loc":{"start":{"line":680,"column":5},"end":{"line":783,"column":null}},"line":680},"28":{"name":"(anonymous_28)","decl":{"start":{"line":693,"column":8},"end":{"line":693,"column":null}},"loc":{"start":{"line":694,"column":9},"end":{"line":694,"column":null}},"line":694},"29":{"name":"(anonymous_29)","decl":{"start":{"line":712,"column":27},"end":{"line":712,"column":32}},"loc":{"start":{"line":713,"column":12},"end":{"line":723,"column":null}},"line":713},"30":{"name":"(anonymous_30)","decl":{"start":{"line":720,"column":14},"end":{"line":720,"column":30}},"loc":{"start":{"line":720,"column":30},"end":{"line":720,"column":null}},"line":720},"31":{"name":"(anonymous_31)","decl":{"start":{"line":729,"column":12},"end":{"line":729,"column":27}},"loc":{"start":{"line":729,"column":27},"end":{"line":729,"column":null}},"line":729},"32":{"name":"(anonymous_32)","decl":{"start":{"line":750,"column":29},"end":{"line":750,"column":34}},"loc":{"start":{"line":751,"column":13},"end":{"line":754,"column":null}},"line":751},"33":{"name":"(anonymous_33)","decl":{"start":{"line":766,"column":13},"end":{"line":766,"column":28}},"loc":{"start":{"line":766,"column":28},"end":{"line":766,"column":null}},"line":766},"34":{"name":"StructureManagement","decl":{"start":{"line":791,"column":9},"end":{"line":791,"column":29}},"loc":{"start":{"line":803,"column":3},"end":{"line":1843,"column":null}},"line":803},"35":{"name":"(anonymous_35)","decl":{"start":{"line":830,"column":2},"end":{"line":830,"column":19}},"loc":{"start":{"line":830,"column":19},"end":{"line":830,"column":null}},"line":830},"36":{"name":"(anonymous_36)","decl":{"start":{"line":831,"column":2},"end":{"line":831,"column":18}},"loc":{"start":{"line":831,"column":18},"end":{"line":831,"column":null}},"line":831},"37":{"name":"(anonymous_37)","decl":{"start":{"line":844,"column":7},"end":{"line":844,"column":29}},"loc":{"start":{"line":844,"column":48},"end":{"line":868,"column":null}},"line":844},"38":{"name":"(anonymous_38)","decl":{"start":{"line":870,"column":32},"end":{"line":870,"column":null}},"loc":{"start":{"line":874,"column":6},"end":{"line":923,"column":null}},"line":874},"39":{"name":"(anonymous_39)","decl":{"start":{"line":926,"column":7},"end":{"line":926,"column":29}},"loc":{"start":{"line":926,"column":29},"end":{"line":941,"column":null}},"line":926},"40":{"name":"(anonymous_40)","decl":{"start":{"line":965,"column":7},"end":{"line":965,"column":19}},"loc":{"start":{"line":965,"column":49},"end":{"line":967,"column":null}},"line":965},"41":{"name":"(anonymous_41)","decl":{"start":{"line":972,"column":7},"end":{"line":972,"column":38}},"loc":{"start":{"line":972,"column":38},"end":{"line":1003,"column":null}},"line":972},"42":{"name":"(anonymous_42)","decl":{"start":{"line":974,"column":25},"end":{"line":974,"column":33}},"loc":{"start":{"line":974,"column":42},"end":{"line":974,"column":75}},"line":974},"43":{"name":"(anonymous_43)","decl":{"start":{"line":980,"column":11},"end":{"line":980,"column":20}},"loc":{"start":{"line":980,"column":29},"end":{"line":986,"column":3}},"line":980},"44":{"name":"(anonymous_44)","decl":{"start":{"line":989,"column":30},"end":{"line":989,"column":36}},"loc":{"start":{"line":989,"column":45},"end":{"line":996,"column":3}},"line":989},"45":{"name":"(anonymous_45)","decl":{"start":{"line":999,"column":32},"end":{"line":999,"column":38}},"loc":{"start":{"line":999,"column":47},"end":{"line":999,"column":75}},"line":999},"46":{"name":"(anonymous_46)","decl":{"start":{"line":1008,"column":7},"end":{"line":1008,"column":null}},"loc":{"start":{"line":1010,"column":70},"end":{"line":1069,"column":null}},"line":1010},"47":{"name":"(anonymous_47)","decl":{"start":{"line":1018,"column":27},"end":{"line":1018,"column":35}},"loc":{"start":{"line":1018,"column":41},"end":{"line":1018,"column":61}},"line":1018},"48":{"name":"(anonymous_48)","decl":{"start":{"line":1019,"column":30},"end":{"line":1019,"column":38}},"loc":{"start":{"line":1019,"column":44},"end":{"line":1019,"column":64}},"line":1019},"49":{"name":"(anonymous_49)","decl":{"start":{"line":1077,"column":7},"end":{"line":1077,"column":24}},"loc":{"start":{"line":1077,"column":43},"end":{"line":1099,"column":null}},"line":1077},"50":{"name":"(anonymous_50)","decl":{"start":{"line":1083,"column":3},"end":{"line":1083,"column":21}},"loc":{"start":{"line":1083,"column":31},"end":{"line":1086,"column":5}},"line":1083},"51":{"name":"(anonymous_51)","decl":{"start":{"line":1089,"column":3},"end":{"line":1089,"column":20}},"loc":{"start":{"line":1089,"column":20},"end":{"line":1091,"column":6}},"line":1089},"52":{"name":"(anonymous_52)","decl":{"start":{"line":1094,"column":3},"end":{"line":1094,"column":21}},"loc":{"start":{"line":1094,"column":31},"end":{"line":1097,"column":5}},"line":1094},"53":{"name":"(anonymous_53)","decl":{"start":{"line":1101,"column":23},"end":{"line":1101,"column":30}},"loc":{"start":{"line":1101,"column":53},"end":{"line":1123,"column":null}},"line":1101},"54":{"name":"(anonymous_54)","decl":{"start":{"line":1125,"column":24},"end":{"line":1125,"column":31}},"loc":{"start":{"line":1125,"column":54},"end":{"line":1152,"column":null}},"line":1125},"55":{"name":"(anonymous_55)","decl":{"start":{"line":1154,"column":7},"end":{"line":1154,"column":32}},"loc":{"start":{"line":1154,"column":69},"end":{"line":1184,"column":null}},"line":1154},"56":{"name":"(anonymous_56)","decl":{"start":{"line":1160,"column":14},"end":{"line":1160,"column":26}},"loc":{"start":{"line":1160,"column":26},"end":{"line":1179,"column":null}},"line":1160},"57":{"name":"(anonymous_57)","decl":{"start":{"line":1178,"column":4},"end":{"line":1178,"column":22}},"loc":{"start":{"line":1178,"column":32},"end":{"line":1178,"column":59}},"line":1178},"58":{"name":"(anonymous_58)","decl":{"start":{"line":1180,"column":3},"end":{"line":1180,"column":19}},"loc":{"start":{"line":1180,"column":19},"end":{"line":1182,"column":null}},"line":1180},"59":{"name":"(anonymous_59)","decl":{"start":{"line":1181,"column":4},"end":{"line":1181,"column":22}},"loc":{"start":{"line":1181,"column":32},"end":{"line":1181,"column":59}},"line":1181},"60":{"name":"(anonymous_60)","decl":{"start":{"line":1186,"column":7},"end":{"line":1186,"column":null}},"loc":{"start":{"line":1190,"column":6},"end":{"line":1221,"column":null}},"line":1190},"61":{"name":"(anonymous_61)","decl":{"start":{"line":1196,"column":14},"end":{"line":1196,"column":26}},"loc":{"start":{"line":1196,"column":26},"end":{"line":1216,"column":null}},"line":1196},"62":{"name":"(anonymous_62)","decl":{"start":{"line":1215,"column":4},"end":{"line":1215,"column":22}},"loc":{"start":{"line":1215,"column":32},"end":{"line":1215,"column":59}},"line":1215},"63":{"name":"(anonymous_63)","decl":{"start":{"line":1217,"column":3},"end":{"line":1217,"column":19}},"loc":{"start":{"line":1217,"column":19},"end":{"line":1219,"column":null}},"line":1217},"64":{"name":"(anonymous_64)","decl":{"start":{"line":1218,"column":4},"end":{"line":1218,"column":22}},"loc":{"start":{"line":1218,"column":32},"end":{"line":1218,"column":59}},"line":1218},"65":{"name":"(anonymous_65)","decl":{"start":{"line":1223,"column":25},"end":{"line":1223,"column":32}},"loc":{"start":{"line":1223,"column":51},"end":{"line":1257,"column":null}},"line":1223},"66":{"name":"(anonymous_66)","decl":{"start":{"line":1259,"column":32},"end":{"line":1259,"column":null}},"loc":{"start":{"line":1263,"column":6},"end":{"line":1286,"column":null}},"line":1263},"67":{"name":"(anonymous_67)","decl":{"start":{"line":1288,"column":7},"end":{"line":1288,"column":24}},"loc":{"start":{"line":1288,"column":39},"end":{"line":1298,"column":null}},"line":1288},"68":{"name":"(anonymous_68)","decl":{"start":{"line":1300,"column":7},"end":{"line":1300,"column":27}},"loc":{"start":{"line":1300,"column":48},"end":{"line":1307,"column":null}},"line":1300},"69":{"name":"(anonymous_69)","decl":{"start":{"line":1301,"column":29},"end":{"line":1301,"column":35}},"loc":{"start":{"line":1301,"column":41},"end":{"line":1301,"column":61}},"line":1301},"70":{"name":"(anonymous_70)","decl":{"start":{"line":1334,"column":7},"end":{"line":1334,"column":22}},"loc":{"start":{"line":1334,"column":22},"end":{"line":1334,"column":null}},"line":1334},"71":{"name":"(anonymous_71)","decl":{"start":{"line":1366,"column":6},"end":{"line":1366,"column":21}},"loc":{"start":{"line":1366,"column":21},"end":{"line":1366,"column":null}},"line":1366},"72":{"name":"(anonymous_72)","decl":{"start":{"line":1378,"column":7},"end":{"line":1378,"column":22}},"loc":{"start":{"line":1378,"column":22},"end":{"line":1381,"column":null}},"line":1378},"73":{"name":"(anonymous_73)","decl":{"start":{"line":1385,"column":8},"end":{"line":1385,"column":18}},"loc":{"start":{"line":1385,"column":24},"end":{"line":1385,"column":null}},"line":1385},"74":{"name":"(anonymous_74)","decl":{"start":{"line":1393,"column":10},"end":{"line":1393,"column":25}},"loc":{"start":{"line":1393,"column":25},"end":{"line":1396,"column":null}},"line":1393},"75":{"name":"(anonymous_75)","decl":{"start":{"line":1408,"column":12},"end":{"line":1408,"column":23}},"loc":{"start":{"line":1409,"column":13},"end":{"line":1409,"column":null}},"line":1409},"76":{"name":"(anonymous_76)","decl":{"start":{"line":1419,"column":12},"end":{"line":1419,"column":23}},"loc":{"start":{"line":1420,"column":13},"end":{"line":1420,"column":null}},"line":1420},"77":{"name":"(anonymous_77)","decl":{"start":{"line":1428,"column":12},"end":{"line":1428,"column":23}},"loc":{"start":{"line":1429,"column":13},"end":{"line":1432,"column":null}},"line":1429},"78":{"name":"(anonymous_78)","decl":{"start":{"line":1442,"column":12},"end":{"line":1442,"column":23}},"loc":{"start":{"line":1442,"column":29},"end":{"line":1445,"column":null}},"line":1442},"79":{"name":"(anonymous_79)","decl":{"start":{"line":1449,"column":14},"end":{"line":1449,"column":21}},"loc":{"start":{"line":1449,"column":26},"end":{"line":1449,"column":50}},"line":1449},"80":{"name":"(anonymous_80)","decl":{"start":{"line":1450,"column":14},"end":{"line":1450,"column":18}},"loc":{"start":{"line":1451,"column":14},"end":{"line":1453,"column":null}},"line":1451},"81":{"name":"(anonymous_81)","decl":{"start":{"line":1463,"column":13},"end":{"line":1463,"column":24}},"loc":{"start":{"line":1464,"column":14},"end":{"line":1464,"column":null}},"line":1464},"82":{"name":"(anonymous_82)","decl":{"start":{"line":1472,"column":13},"end":{"line":1472,"column":24}},"loc":{"start":{"line":1473,"column":14},"end":{"line":1473,"column":null}},"line":1473},"83":{"name":"(anonymous_83)","decl":{"start":{"line":1476,"column":27},"end":{"line":1476,"column":32}},"loc":{"start":{"line":1477,"column":14},"end":{"line":1479,"column":null}},"line":1477},"84":{"name":"(anonymous_84)","decl":{"start":{"line":1501,"column":11},"end":{"line":1501,"column":26}},"loc":{"start":{"line":1501,"column":26},"end":{"line":1504,"column":null}},"line":1501},"85":{"name":"(anonymous_85)","decl":{"start":{"line":1519,"column":24},"end":{"line":1519,"column":29}},"loc":{"start":{"line":1519,"column":38},"end":{"line":1837,"column":7}},"line":1519},"86":{"name":"(anonymous_86)","decl":{"start":{"line":1547,"column":14},"end":{"line":1547,"column":29}},"loc":{"start":{"line":1547,"column":29},"end":{"line":1547,"column":null}},"line":1547},"87":{"name":"(anonymous_87)","decl":{"start":{"line":1554,"column":14},"end":{"line":1554,"column":null}},"loc":{"start":{"line":1555,"column":15},"end":{"line":1555,"column":null}},"line":1555},"88":{"name":"(anonymous_88)","decl":{"start":{"line":1583,"column":27},"end":{"line":1583,"column":32}},"loc":{"start":{"line":1584,"column":12},"end":{"line":1734,"column":null}},"line":1584},"89":{"name":"(anonymous_89)","decl":{"start":{"line":1616,"column":19},"end":{"line":1616,"column":30}},"loc":{"start":{"line":1617,"column":20},"end":{"line":1617,"column":null}},"line":1617},"90":{"name":"(anonymous_90)","decl":{"start":{"line":1623,"column":19},"end":{"line":1623,"column":29}},"loc":{"start":{"line":1623,"column":35},"end":{"line":1623,"column":null}},"line":1623},"91":{"name":"(anonymous_91)","decl":{"start":{"line":1624,"column":19},"end":{"line":1624,"column":31}},"loc":{"start":{"line":1624,"column":37},"end":{"line":1636,"column":null}},"line":1624},"92":{"name":"(anonymous_92)","decl":{"start":{"line":1642,"column":19},"end":{"line":1642,"column":null}},"loc":{"start":{"line":1643,"column":20},"end":{"line":1647,"column":null}},"line":1643},"93":{"name":"(anonymous_93)","decl":{"start":{"line":1657,"column":19},"end":{"line":1657,"column":34}},"loc":{"start":{"line":1657,"column":34},"end":{"line":1660,"column":null}},"line":1657},"94":{"name":"(anonymous_94)","decl":{"start":{"line":1670,"column":18},"end":{"line":1670,"column":33}},"loc":{"start":{"line":1670,"column":33},"end":{"line":1678,"column":null}},"line":1670},"95":{"name":"(anonymous_95)","decl":{"start":{"line":1689,"column":18},"end":{"line":1689,"column":null}},"loc":{"start":{"line":1690,"column":19},"end":{"line":1694,"column":null}},"line":1690},"96":{"name":"(anonymous_96)","decl":{"start":{"line":1704,"column":18},"end":{"line":1704,"column":null}},"loc":{"start":{"line":1705,"column":19},"end":{"line":1709,"column":null}},"line":1705},"97":{"name":"(anonymous_97)","decl":{"start":{"line":1720,"column":17},"end":{"line":1720,"column":null}},"loc":{"start":{"line":1721,"column":18},"end":{"line":1725,"column":null}},"line":1721},"98":{"name":"(anonymous_98)","decl":{"start":{"line":1738,"column":18},"end":{"line":1738,"column":null}},"loc":{"start":{"line":1738,"column":18},"end":{"line":1762,"column":11}},"line":1738},"99":{"name":"(anonymous_99)","decl":{"start":{"line":1746,"column":13},"end":{"line":1746,"column":28}},"loc":{"start":{"line":1746,"column":28},"end":{"line":1751,"column":null}},"line":1746},"100":{"name":"(anonymous_100)","decl":{"start":{"line":1770,"column":15},"end":{"line":1770,"column":26}},"loc":{"start":{"line":1770,"column":32},"end":{"line":1770,"column":null}},"line":1770},"101":{"name":"(anonymous_101)","decl":{"start":{"line":1775,"column":17},"end":{"line":1775,"column":null}},"loc":{"start":{"line":1777,"column":18},"end":{"line":1779,"column":null}},"line":1777},"102":{"name":"(anonymous_102)","decl":{"start":{"line":1777,"column":32},"end":{"line":1777,"column":null}},"loc":{"start":{"line":1778,"column":26},"end":{"line":1778,"column":null}},"line":1778},"103":{"name":"(anonymous_103)","decl":{"start":{"line":1781,"column":17},"end":{"line":1781,"column":22}},"loc":{"start":{"line":1782,"column":17},"end":{"line":1785,"column":null}},"line":1782},"104":{"name":"(anonymous_104)","decl":{"start":{"line":1792,"column":15},"end":{"line":1792,"column":26}},"loc":{"start":{"line":1792,"column":32},"end":{"line":1792,"column":null}},"line":1792},"105":{"name":"(anonymous_105)","decl":{"start":{"line":1801,"column":16},"end":{"line":1801,"column":27}},"loc":{"start":{"line":1801,"column":33},"end":{"line":1801,"column":null}},"line":1801},"106":{"name":"(anonymous_106)","decl":{"start":{"line":1807,"column":15},"end":{"line":1807,"column":30}},"loc":{"start":{"line":1807,"column":30},"end":{"line":1807,"column":null}},"line":1807},"107":{"name":"(anonymous_107)","decl":{"start":{"line":1813,"column":15},"end":{"line":1813,"column":30}},"loc":{"start":{"line":1813,"column":30},"end":{"line":1818,"column":null}},"line":1813},"108":{"name":"(anonymous_108)","decl":{"start":{"line":1826,"column":14},"end":{"line":1826,"column":29}},"loc":{"start":{"line":1826,"column":29},"end":{"line":1826,"column":null}},"line":1826},"109":{"name":"AccessManagement","decl":{"start":{"line":1850,"column":9},"end":{"line":1850,"column":28}},"loc":{"start":{"line":1850,"column":28},"end":{"line":2421,"column":null}},"line":1850},"110":{"name":"(anonymous_110)","decl":{"start":{"line":1899,"column":22},"end":{"line":1899,"column":34}},"loc":{"start":{"line":1899,"column":34},"end":{"line":1917,"column":null}},"line":1899},"111":{"name":"(anonymous_111)","decl":{"start":{"line":1922,"column":23},"end":{"line":1922,"column"
[...]
366,"column":null}},"88":{"start":{"line":368,"column":2},"end":{"line":371,"column":null}},"89":{"start":{"line":369,"column":17},"end":{"line":369,"column":null}},"90":{"start":{"line":370,"column":3},"end":{"line":370,"column":null}},"91":{"start":{"line":373,"column":2},"end":{"line":373,"column":null}},"92":{"start":{"line":374,"column":2},"end":{"line":374,"column":null}},"93":{"start":{"line":376,"column":2},"end":{"line":376,"column":null}},"94":{"start":{"line":377,"column":2},"end":{"line":377,"column":null}},"95":{"start":{"line":381,"column":1},"end":{"line":381,"column":null}},"96":{"start":{"line":381,"column":12},"end":{"line":381,"column":null}},"97":{"start":{"line":382,"column":1},"end":{"line":382,"column":null}},"98":{"start":{"line":389,"column":1},"end":{"line":389,"column":null}},"99":{"start":{"line":389,"column":12},"end":{"line":389,"column":null}},"100":{"start":{"line":391,"column":1},"end":{"line":391,"column":null}},"101":{"start":{"line":391,"column":64},"end":{"line":391,"column":null}},"102":{"start":{"line":393,"column":1},"end":{"line":393,"column":null}}},"fnMap":{"0":{"name":"clearPermissionsCache","decl":{"start":{"line":166,"column":16},"end":{"line":166,"column":46}},"loc":{"start":{"line":166,"column":46},"end":{"line":168,"column":null}},"line":166},"1":{"name":"fetchPermissions","decl":{"start":{"line":170,"column":22},"end":{"line":170,"column":39}},"loc":{"start":{"line":170,"column":76},"end":{"line":218,"column":null}},"line":170},"2":{"name":"getCachedPermissions","decl":{"start":{"line":220,"column":22},"end":{"line":220,"column":null}},"loc":{"start":{"line":222,"column":25},"end":{"line":229,"column":null}},"line":222},"3":{"name":"hasPermission","decl":{"start":{"line":231,"column":16},"end":{"line":231,"column":null}},"loc":{"start":{"line":234,"column":11},"end":{"line":249,"column":null}},"line":234},"4":{"name":"getPermissionsSync","decl":{"start":{"line":251,"column":16},"end":{"line":251,"column":35}},"loc":{"start":{"line":251,"column":63},"end":{"line":253,"column":null}},"line":251},"5":{"name":"canManageLeaves","decl":{"start":{"line":255,"column":22},"end":{"line":255,"column":null}},"loc":{"start":{"line":257,"column":20},"end":{"line":264,"column":null}},"line":257},"6":{"name":"canViewAllLeaves","decl":{"start":{"line":266,"column":22},"end":{"line":266,"column":null}},"loc":{"start":{"line":268,"column":20},"end":{"line":272,"column":null}},"line":268},"7":{"name":"canManageUsers","decl":{"start":{"line":274,"column":22},"end":{"line":274,"column":null}},"loc":{"start":{"line":276,"column":20},"end":{"line":283,"column":null}},"line":276},"8":{"name":"canManageProjects","decl":{"start":{"line":285,"column":22},"end":{"line":285,"column":null}},"loc":{"start":{"line":287,"column":20},"end":{"line":291,"column":null}},"line":287},"9":{"name":"canManageVacancies","decl":{"start":{"line":293,"column":22},"end":{"line":293,"column":null}},"loc":{"start":{"line":295,"column":20},"end":{"line":303,"column":null}},"line":295},"10":{"name":"canViewVacancies","decl":{"start":{"line":305,"column":22},"end":{"line":305,"column":null}},"loc":{"start":{"line":307,"column":20},"end":{"line":311,"column":null}},"line":307},"11":{"name":"canApplyVacancies","decl":{"start":{"line":313,"column":22},"end":{"line":313,"column":null}},"loc":{"start":{"line":315,"column":20},"end":{"line":319,"column":null}},"line":315},"12":{"name":"canViewApplications","decl":{"start":{"line":321,"column":22},"end":{"line":321,"column":null}},"loc":{"start":{"line":323,"column":20},"end":{"line":327,"column":null}},"line":323},"13":{"name":"canManageGuides","decl":{"start":{"line":329,"column":22},"end":{"line":329,"column":null}},"loc":{"start":{"line":331,"column":20},"end":{"line":335,"column":null}},"line":331},"14":{"name":"canManageTeams","decl":{"start":{"line":337,"column":22},"end":{"line":337,"column":null}},"loc":{"start":{"line":339,"column":20},"end":{"line":343,"column":null}},"line":339},"15":{"name":"canViewStructure","decl":{"start":{"line":345,"column":22},"end":{"line":345,"column":null}},"loc":{"start":{"line":347,"column":20},"end":{"line":351,"column":null}},"line":347},"16":{"name":"updateRolePermissions","decl":{"start":{"line":353,"column":22},"end":{"line":353,"column":null}},"loc":{"start":{"line":356,"column":20},"end":{"line":379,"column":null}},"line":356},"17":{"name":"isAdminOrBoard","decl":{"start":{"line":380,"column":16},"end":{"line":380,"column":31}},"loc":{"start":{"line":380,"column":66},"end":{"line":383,"column":null}},"line":380},"18":{"name":"isCoordinator","decl":{"start":{"line":385,"column":16},"end":{"line":385,"column":null}},"loc":{"start":{"line":388,"column":11},"end":{"line":394,"column":null}},"line":388}},"branchMap":{"0":{"loc":{"start":{"line":178,"column":35},"end":{"line":178,"column":null}},"type":"cond-expr","locations":[{"start":{"line":178,"column":43},"end":{"line":178,"column":54}},{"start":{"line":178,"column":54},"end":{"line":178,"column":null}}],"line":178},"1":{"loc":{"start":{"line":193,"column":2},"end":{"line":199,"column":null}},"type":"if","locations":[{"start":{"line":193,"column":2},"end":{"line":199,"column":null}},{"start":{},"end":{}}],"line":193},"2":{"loc":{"start":{"line":208,"column":3},"end":{"line":208,"column":null}},"type":"binary-expr","locations":[{"start":{"line":208,"column":3},"end":{"line":208,"column":23}},{"start":{"line":208,"column":23},"end":{"line":208,"column":64}},{"start":{"line":208,"column":64},"end":{"line":208,"column":null}}],"line":208},"3":{"loc":{"start":{"line":214,"column":19},"end":{"line":214,"column":null}},"type":"binary-expr","locations":[{"start":{"line":214,"column":19},"end":{"line":214,"column":60}},{"start":{"line":214,"column":60},"end":{"line":214,"column":null}}],"line":214},"4":{"loc":{"start":{"line":223,"column":1},"end":{"line":225,"column":null}},"type":"if","locations":[{"start":{"line":223,"column":1},"end":{"line":225,"column":null}},{"start":{},"end":{}}],"line":223},"5":{"loc":{"start":{"line":235,"column":1},"end":{"line":235,"column":null}},"type":"if","locations":[{"start":{"line":235,"column":1},"end":{"line":235,"column":null}},{"start":{},"end":{}}],"line":235},"6":{"loc":{"start":{"line":238,"column":1},"end":{"line":240,"column":null}},"type":"if","locations":[{"start":{"line":238,"column":1},"end":{"line":240,"column":null}},{"start":{},"end":{}}],"line":238},"7":{"loc":{"start":{"line":243,"column":1},"end":{"line":246,"column":null}},"type":"if","locations":[{"start":{"line":243,"column":1},"end":{"line":246,"column":null}},{"start":{},"end":{}}],"line":243},"8":{"loc":{"start":{"line":252,"column":8},"end":{"line":252,"column":null}},"type":"binary-expr","locations":[{"start":{"line":252,"column":8},"end":{"line":252,"column":34}},{"start":{"line":252,"column":34},"end":{"line":252,"column":null}}],"line":252},"9":{"loc":{"start":{"line":258,"column":1},"end":{"line":258,"column":null}},"type":"if","locations":[{"start":{"line":258,"column":1},"end":{"line":258,"column":null}},{"start":{},"end":{}}],"line":258},"10":{"loc":{"start":{"line":261,"column":2},"end":{"line":262,"column":null}},"type":"binary-expr","locations":[{"start":{"line":261,"column":2},"end":{"line":261,"column":null}},{"start":{"line":262,"column":2},"end":{"line":262,"column":null}}],"line":261},"11":{"loc":{"start":{"line":269,"column":1},"end":{"line":269,"column":null}},"type":"if","locations":[{"start":{"line":269,"column":1},"end":{"line":269,"column":null}},{"start":{},"end":{}}],"line":269},"12":{"loc":{"start":{"line":277,"column":1},"end":{"line":277,"column":null}},"type":"if","locations":[{"start":{"line":277,"column":1},"end":{"line":277,"column":null}},{"start":{},"end":{}}],"line":277},"13":{"loc":{"start":{"line":280,"column":2},"end":{"line":281,"column":null}},"type":"binary-expr","locations":[{"start":{"line":280,"column":2},"end":{"line":280,"column":null}},{"start":{"line":281,"column":2},"end":{"line":281,"column":null}}],"line":280},"14":{"loc":{"start":{"line":288,"column":1},"end":{"line":288,"column":null}},"type":"if","locations":[{"start":{"line":288,"column":1},"end":{"line":288,"column":null}},{"start":{},"end":{}}],"line":288},"15":{"loc":{"start":{"line":296,"column":1},"end":{"line":296,"column":null}},"type":"if","locations":[{"start":{"line":296,"column":1},"end":{"line":296,"column":null}},{"start":{},"end":{}}],"line":296},"16":{"loc":{"start":{"line":299,"column":2},"end":{"line":301,"column":null}},"type":"binary-expr","locations":[{"start":{"line":299,"column":2},"end":{"line":299,"column":null}},{"start":{"line":300,"column":2},"end":{"line":300,"column":null}},{"start":{"line":301,"column":2},"end":{"line":301,"column":null}}],"line":299},"17":{"loc":{"start":{"line":308,"column":1},"end":{"line":308,"column":null}},"type":"if","locations":[{"start":{"line":308,"column":1},"end":{"line":308,"column":null}},{"start":{},"end":{}}],"line":308},"18":{"loc":{"start":{"line":316,"column":1},"end":{"line":316,"column":null}},"type":"if","locations":[{"start":{"line":316,"column":1},"end":{"line":316,"column":null}},{"start":{},"end":{}}],"line":316},"19":{"loc":{"start":{"line":324,"column":1},"end":{"line":324,"column":null}},"type":"if","locations":[{"start":{"line":324,"column":1},"end":{"line":324,"column":null}},{"start":{},"end":{}}],"line":324},"20":{"loc":{"start":{"line":332,"column":1},"end":{"line":332,"column":null}},"type":"if","locations":[{"start":{"line":332,"column":1},"end":{"line":332,"column":null}},{"start":{},"end":{}}],"line":332},"21":{"loc":{"start":{"line":340,"column":1},"end":{"line":340,"column":null}},"type":"if","locations":[{"start":{"line":340,"column":1},"end":{"line":340,"column":null}},{"start":{},"end":{}}],"line":340},"22":{"loc":{"start":{"line":348,"column":1},"end":{"line":348,"column":null}},"type":"if","locations":[{"start":{"line":348,"column":1},"end":{"line":348,"column":null}},{"start":{},"end":{}}],"line":348},"23":{"loc":{"start":{"line":368,"column":2},"end":{"line":371,"column":null}},"type":"if","locations":[{"start":{"line":368,"column":2},"end":{"line":371,"column":null}},{"start":{},"end":{}}],"line":368},"24":{"loc":{"start":{"line":370,"column":19},"end":{"line":370,"column":63}},"type":"binary-expr","locations":[{"start":{"line":370,"column":19},"end":{"line":370,"column":34}},{"start":{"line":370,"column":34},"end":{"line":370,"column":63}}],"line":370},"25":{"loc":{"start":{"line":381,"column":1},"end":{"line":381,"column":null}},"type":"if","locations":[{"start":{"line":381,"column":1},"end":{"line":381,"column":null}},{"start":{},"end":{}}],"line":381},"26":{"loc":{"start":{"line":382,"column":8},"end":{"line":382,"column":null}},"type":"binary-expr","locations":[{"start":{"line":382,"column":8},"end":{"line":382,"column":28}},{"start":{"line":382,"column":28},"end":{"line":382,"column":48}},{"start":{"line":382,"column":48},"end":{"line":382,"column":null}}],"line":382},"27":{"loc":{"start":{"line":389,"column":1},"end":{"line":389,"column":null}},"type":"if","locations":[{"start":{"line":389,"column":1},"end":{"line":389,"column":null}},{"start":{},"end":{}}],"line":389},"28":{"loc":{"start":{"line":391,"column":1},"end":{"line":391,"column":null}},"type":"if","locations":[{"start":{"line":391,"column":1},"end":{"line":391,"column":null}},{"start":{},"end":{}}],"line":391},"29":{"loc":{"start":{"line":391,"column":5},"end":{"line":391,"column":64}},"type":"binary-expr","locations":[{"start":{"line":391,"column":5},"end":{"line":391,"column":25}},{"start":{"line":391,"column":25},"end":{"line":391,"column":45}},{"start":{"line":391,"column":45},"end":{"line":391,"column":64}}],"line":391},"30":{"loc":{"start":{"line":393,"column":8},"end":{"line":393,"column":null}},"type":"binary-expr","locations":[{"start":{"line":393,"column":8},"end":{"line":393,"column":34}},{"start":{"line":393,"column":34},"end":{"line":393,"column":null}}],"line":393}},"s":{"0":1,"1":1,"2":1,"3":14,"4":0,"5":0,"6":0,"7":0,"8":0,"9":0,"10":0,"11":0,"12":0,"13":0,"14":0,"15":0,"16":0,"17":0,"18":0,"19":0,"20":0,"21":0,"22":0,"23":0,"24":0,"25":0,"26":0,"27":0,"28":0,"29":0,"30":0,"31":0,"32":0,"33":0,"34":0,"35":0,"36":0,"37":0,"38":0,"39":0,"40":0,"41":0,"42":0,"43":0,"44":0,"45":0,"46":0,"47":0,"48":0,"49":0,"50":0,"51":0,"52":0,"53":0,"54":0,"55":0,"56":0,"57":0,"58":0,"59":0,"60":0,"61":0,"62":0,"63":0,"64":0,"65":0,"66":0,"67":0,"68":0,"69":0,"70":0,"71":0,"72":0,"73":0,"74":0,"75":0,"76":0,"77":0,"78":0,"79":0,"80":0,"81":0,"82":0,"83":0,"84":0,"85":0,"86":0,"87":0,"88":0,"89":0,"90":0,"91":0,"92":0,"93":0,"94":0,"95":0,"96":0,"97":0,"98":0,"99":0,"100":0,"101":0,"102":0},"f":{"0":14,"1":0,"2":0,"3":0,"4":0,"5":0,"6":0,"7":0,"8":0,"9":0,"10":0,"11":0,"12":0,"13":0,"14":0,"15":0,"16":0,"17":0,"18":0},"b":{"0":[0,0],"1":[0,0],"2":[0,0,0],"3":[0,0],"4":[0,0],"5":[0,0],"6":[0,0],"7":[0,0],"8":[0,0],"9":[0,0],"10":[0,0],"11":[0,0],"12":[0,0],"13":[0,0],"14":[0,0],"15":[0,0],"16":[0,0,0],"17":[0,0],"18":[0,0],"19":[0,0],"20":[0,0],"21":[0,0],"22":[0,0],"23":[0,0],"24":[0,0],"25":[0,0],"26":[0,0,0],"27":[0,0],"28":[0,0],"29":[0,0,0],"30":[0,0]},"meta":{"lastBranch":31,"lastFunction":19,"lastStatement":103,"seen":{"s:36:61:62:Infinity":0,"s:64:67:162:Infinity":1,"s:164:53:164:Infinity":2,"f:166:16:166:46":0,"s:167:1:167:Infinity":3,"f:170:22:170:39":1,"s:171:1:173:Infinity":4,"s:175:1:217:Infinity":5,"s:176:16:176:Infinity":6,"s:177:2:179:Infinity":7,"b:178:43:178:54:178:54:178:Infinity":0,"s:181:14:181:Infinity":8,"s:182:2:182:Infinity":9,"s:184:19:189:Infinity":10,"s:191:2:191:Infinity":11,"b:193:2:199:Infinity:undefined:undefined:undefined:undefined":1,"s:193:2:199:Infinity":12,"s:194:21:194:Infinity":13,"s:195:3:197:Infinity":14,"s:198:3:198:Infinity":15,"s:201:15:201:Infinity":16,"s:202:2:205:Infinity":17,"s:208:3:208:Infinity":18,"b:208:3:208:23:208:23:208:64:208:64:208:Infinity":2,"s:209:2:209:Infinity":19,"s:211:2:211:Infinity":20,"s:213:2:213:Infinity":21,"s:214:19:214:Infinity":22,"b:214:19:214:60:214:60:214:Infinity":3,"s:215:2:215:Infinity":23,"s:216:2:216:Infinity":24,"f:220:22:220:Infinity":2,"b:223:1:225:Infinity:undefined:undefined:undefined:undefined":4,"s:223:1:225:Infinity":25,"s:224:2:224:Infinity":26,"s:226:21:226:Infinity":27,"s:227:1:227:Infinity":28,"s:228:1:228:Infinity":29,"f:231:16:231:Infinity":3,"b:235:1:235:Infinity:undefined:undefined:undefined:undefined":5,"s:235:1:235:Infinity":30,"s:235:12:235:Infinity":31,"s:237:21:237:Infinity":32,"b:238:1:240:Infinity:undefined:undefined:undefined:undefined":6,"s:238:1:240:Infinity":33,"s:239:2:239:Infinity":34,"s:242:22:242:Infinity":35,"b:243:1:246:Infinity:undefined:undefined:undefined:undefined":7,"s:243:1:246:Infinity":36,"s:244:2:244:Infinity":37,"s:245:2:245:Infinity":38,"s:248:1:248:Infinity":39,"f:251:16:251:35":4,"s:252:1:252:Infinity":40,"b:252:8:252:34:252:34:252:Infinity":8,"f:255:22:255:Infinity":5,"b:258:1:258:Infinity:undefined:undefined:undefined:undefined":9,"s:258:1:258:Infinity":41,"s:258:12:258:Infinity":42,"s:259:21:259:Infinity":43,"s:260:1:262:Infinity":44,"b:261:2:261:Infinity:262:2:262:Infinity":10,"f:266:22:266:Infinity":6,"b:269:1:269:Infinity:undefined:undefined:undefined:undefined":11,"s:269:1:269:Infinity":45,"s:269:12:269:Infinity":46,"s:270:21:270:Infinity":47,"s:271:1:271:Infinity":48,"f:274:22:274:Infinity":7,"b:277:1:277:Infinity:undefined:undefined:undefined:undefined":12,"s:277:1:277:Infinity":49,"s:277:12:277:Infinity":50,"s:278:21:278:Infinity":51,"s:279:1:281:Infinity":52,"b:280:2:280:Infinity:281:2:281:Infinity":13,"f:285:22:285:Infinity":8,"b:288:1:288:Infinity:undefined:undefined:undefined:undefined":14,"s:288:1:288:Infinity":53,"s:288:12:288:Infinity":54,"s:289:21:289:Infinity":55,"s:290:1:290:Infinity":56,"f:293:22:293:Infinity":9,"b:296:1:296:Infinity:undefined:undefined:undefined:undefined":15,"s:296:1:296:Infinity":57,"s:296:12:296:Infinity":58,"s:297:21:297:Infinity":59,"s:298:1:301:Infinity":60,"b:299:2:299:Infinity:300:2:300:Infinity:301:2:301:Infinity":16,"f:305:22:305:Infinity":10,"b:308:1:308:Infinity:undefined:undefined:undefined:undefined":17,"s:308:1:308:Infinity":61,"s:308:12:308:Infinity":62,"s:309:21:309:Infinity":63,"s:310:1:310:Infinity":64,"f:313:22:313:Infinity":11,"b:316:1:316:Infinity:undefined:undefined:undefined:undefined":18,"s:316:1:316:Infinity":65,"s:316:12:316:Infinity":66,"s:317:21:317:Infinity":67,"s:318:1:318:Infinity":68,"f:321:22:321:Infinity":12,"b:324:1:324:Infinity:undefined:undefined:undefined:undefined":19,"s:324:1:324:Infinity":69,"s:324:12:324:Infinity":70,"s:325:21:325:Infinity":71,"s:326:1:326:Infinity":72,"f:329:22:329:Infinity":13,"b:332:1:332:Infinity:undefined:undefined:undefined:undefined":20,"s:332:1:332:Infinity":73,"s:332:12:332:Infinity":74,"s:333:21:333:Infinity":75,"s:334:1:334:Infinity":76,"f:337:22:337:Infinity":14,"b:340:1:340:Infinity:undefined:undefined:undefined:undefined":21,"s:340:1:340:Infinity":77,"s:340:12:340:Infinity":78,"s:341:21:341:Infinity":79,"s:342:1:342:Infinity":80,"f:345:22:345:Infinity":15,"b:348:1:348:Infinity:undefined:undefined:undefined:undefined":22,"s:348:1:348:Infinity":81,"s:348:12:348:Infinity":82,"s:349:21:349:Infinity":83,"s:350:1:350:Infinity":84,"f:353:22:353:Infinity":16,"s:357:1:378:Infinity":85,"s:358:16:358:Infinity":86,"s:359:19:366:Infinity":87,"b:368:2:371:Infinity:undefined:undefined:undefined:undefined":23,"s:368:2:371:Infinity":88,"s:369:17:369:Infinity":89,"s:370:3:370:Infinity":90,"b:370:19:370:34:370:34:370:63":24,"s:373:2:373:Infinity":91,"s:374:2:374:Infinity":92,"s:376:2:376:Infinity":93,"s:377:2:377:Infinity":94,"f:380:16:380:31":17,"b:381:1:381:Infinity:undefined:undefined:undefined:undefined":25,"s:381:1:381:Infinity":95,"s:381:12:381:Infinity":96,"s:382:1:382:Infinity":97,"b:382:8:382:28:382:28:382:48:382:48:382:Infinity":26,"f:385:16:385:Infinity":18,"b:389:1:389:Infinity:undefined:undefined:undefined:undefined":27,"s:389:1:389:Infinity":98,"s:389:12:389:Infinity":99,"b:391:1:391:Infinity:undefined:undefined:undefined:undefined":28,"s:391:1:391:Infinity":100,"b:391:5:391:25:391:25:391:45:391:45:391:64":29,"s:391:64:391:Infinity":101,"s:393:1:393:Infinity":102,"b:393:8:393:34:393:34:393:Infinity":30},"fnNames":{}}}
,"C:\\Users\\macie\\Documents\\sm\\src\\utils\\safeNavigation.ts": {"path":"C:\\Users\\macie\\Documents\\sm\\src\\utils\\safeNavigation.ts","statementMap":{"0":{"start":{"line":2,"column":13},"end":{"line":10,"column":null}},"1":{"start":{"line":3,"column":19},"end":{"line":3,"column":null}},"2":{"start":{"line":4,"column":1},"end":{"line":7,"column":null}},"3":{"start":{"line":4,"column":27},"end":{"line":4,"column":57}},"4":{"start":{"line":5,"column":2},"end":{"line":5,"column":null}},"5":{"start":{"line":6,"column":2},"end":{"line":6,"column":null}},"6":{"start":{"line":8,"column":19},"end":{"line":8,"column":null}},"7":{"start":{"line":9,"column":1},"end":{"line":9,"column":null}}},"fnMap":{"0":{"name":"(anonymous_0)","decl":{"start":{"line":2,"column":13},"end":{"line":2,"column":29}},"loc":{"start":{"line":2,"column":59},"end":{"line":10,"column":null}},"line":2},"1":{"name":"(anonymous_1)","decl":{"start":{"line":4,"column":15},"end":{"line":4,"column":21}},"loc":{"start":{"line":4,"column":27},"end":{"line":4,"column":57}},"line":4}},"branchMap":{"0":{"loc":{"start":{"line":4,"column":1},"end":{"line":7,"column":null}},"type":"if","locations":[{"start":{"line":4,"column":1},"end":{"line":7,"column":null}},{"start":{},"end":{}}],"line":4}},"s":{"0":1,"1":0,"2":0,"3":0,"4":0,"5":0,"6":0,"7":0},"f":{"0":0,"1":0},"b":{"0":[0,0]},"meta":{"lastBranch":1,"lastFunction":2,"lastStatement":8,"seen":{"s:2:13:10:Infinity":0,"f:2:13:2:29":0,"s:3:19:3:Infinity":1,"b:4:1:7:Infinity:undefined:undefined:undefined:undefined":0,"s:4:1:7:Infinity":2,"f:4:15:4:21":1,"s:4:27:4:57":3,"s:5:2:5:Infinity":4,"s:6:2:6:Infinity":5,"s:8:19:8:Infinity":6,"s:9:1:9:Infinity":7},"fnNames":{}}}
}
